2025-04-26 00:01:22,512 [INFO] Gpio:277 - dependency for GPIO [RCC, SYS, TIM1, TIM4, USART2]
2025-04-26 00:01:50,748 [INFO] UtilMem:75 - End SaveConfig() Used Memory: 877910952 Bytes (1073741824)
2025-04-26 00:01:53,510 [INFO] UtilMem:75 - End SaveConfig() Used Memory: 779948712 Bytes (1073741824)
2025-04-26 00:01:54,038 [INFO] BlockDiagram:2775 - set Specific Code input for plugin: TIM1_8
2025-04-26 00:01:54,038 [INFO] BlockDiagram:2775 - set Specific Code input for plugin: TIM1_8
2025-04-26 00:01:54,038 [INFO] BlockDiagram:2775 - set Specific Code input for plugin: SYS
2025-04-26 00:01:54,038 [INFO] BlockDiagram:2775 - set Specific Code input for plugin: RCC
2025-04-26 00:01:54,038 [INFO] BlockDiagram:2775 - set Specific Code input for plugin: NVIC
2025-04-26 00:01:54,038 [INFO] BlockDiagram:2775 - set Specific Code input for plugin: USART
2025-04-26 00:01:54,038 [INFO] BlockDiagram:2775 - set Specific Code input for plugin: GPIO
2025-04-26 00:01:54,041 [INFO] CodeGenerator:882 - code generatio: config db path: C:\ST\STM32CubeIDE_1.15.1\STM32CubeIDE\plugins\com.st.stm32cube.common.mx_6.14.0.202502271554\\db\
2025-04-26 00:01:54,189 [INFO] CodeEngine:263 - oldGeneratedFile, C:\Users\PANKAJA\OneDrive\Acadamics\UOM_Engineering\Academics\Semester-4\EN2160-Electronic-Design-Realization\OmniDirectionalRobot-EN2160\Software\MotorController\Nucleo-Motor-Test\MXTmpFiles\license.tmp_save
2025-04-26 00:01:54,417 [INFO] CodeEngine:287 - Generated code: C:\Users\PANKAJA\OneDrive\Acadamics\UOM_Engineering\Academics\Semester-4\EN2160-Electronic-Design-Realization\OmniDirectionalRobot-EN2160\Software\MotorController\Nucleo-Motor-Test\MXTmpFiles\license.tmp
2025-04-26 00:01:54,452 [INFO] CodeEngine:263 - oldGeneratedFile, C:\Users\PANKAJA\OneDrive\Acadamics\UOM_Engineering\Academics\Semester-4\EN2160-Electronic-Design-Realization\OmniDirectionalRobot-EN2160\Software\MotorController\Nucleo-Motor-Test\MXTmpFiles\gpio.tmp_save
2025-04-26 00:01:54,602 [INFO] CodeEngine:287 - Generated code: C:\Users\PANKAJA\OneDrive\Acadamics\UOM_Engineering\Academics\Semester-4\EN2160-Electronic-Design-Realization\OmniDirectionalRobot-EN2160\Software\MotorController\Nucleo-Motor-Test\MXTmpFiles\gpio.tmp
2025-04-26 00:01:54,810 [INFO] CodeEngine:263 - oldGeneratedFile, C:\Users\PANKAJA\OneDrive\Acadamics\UOM_Engineering\Academics\Semester-4\EN2160-Electronic-Design-Realization\OmniDirectionalRobot-EN2160\Software\MotorController\Nucleo-Motor-Test\Core\Src\stm32f4xx_it.c_save
2025-04-26 00:01:55,050 [INFO] CodeEngine:287 - Generated code: C:\Users\PANKAJA\OneDrive\Acadamics\UOM_Engineering\Academics\Semester-4\EN2160-Electronic-Design-Realization\OmniDirectionalRobot-EN2160\Software\MotorController\Nucleo-Motor-Test\Core\Src\stm32f4xx_it.c
2025-04-26 00:01:55,067 [INFO] CodeEngine:263 - oldGeneratedFile, C:\Users\PANKAJA\OneDrive\Acadamics\UOM_Engineering\Academics\Semester-4\EN2160-Electronic-Design-Realization\OmniDirectionalRobot-EN2160\Software\MotorController\Nucleo-Motor-Test\Core\Inc\stm32f4xx_it.h_save
2025-04-26 00:01:55,186 [INFO] CodeEngine:287 - Generated code: C:\Users\PANKAJA\OneDrive\Acadamics\UOM_Engineering\Academics\Semester-4\EN2160-Electronic-Design-Realization\OmniDirectionalRobot-EN2160\Software\MotorController\Nucleo-Motor-Test\Core\Inc\stm32f4xx_it.h
2025-04-26 00:01:55,216 [INFO] CodeEngine:263 - oldGeneratedFile, C:\Users\PANKAJA\OneDrive\Acadamics\UOM_Engineering\Academics\Semester-4\EN2160-Electronic-Design-Realization\OmniDirectionalRobot-EN2160\Software\MotorController\Nucleo-Motor-Test\Core\Src\stm32f4xx_hal_msp.c_save
2025-04-26 00:01:55,405 [INFO] CodeEngine:287 - Generated code: C:\Users\PANKAJA\OneDrive\Acadamics\UOM_Engineering\Academics\Semester-4\EN2160-Electronic-Design-Realization\OmniDirectionalRobot-EN2160\Software\MotorController\Nucleo-Motor-Test\Core\Src\stm32f4xx_hal_msp.c
2025-04-26 00:01:55,413 [INFO] CodeEngine:263 - oldGeneratedFile, C:\Users\PANKAJA\OneDrive\Acadamics\UOM_Engineering\Academics\Semester-4\EN2160-Electronic-Design-Realization\OmniDirectionalRobot-EN2160\Software\MotorController\Nucleo-Motor-Test\MXTmpFiles\system.tmp_save
2025-04-26 00:01:55,475 [INFO] CodeEngine:287 - Generated code: C:\Users\PANKAJA\OneDrive\Acadamics\UOM_Engineering\Academics\Semester-4\EN2160-Electronic-Design-Realization\OmniDirectionalRobot-EN2160\Software\MotorController\Nucleo-Motor-Test\MXTmpFiles\system.tmp
2025-04-26 00:01:55,494 [INFO] CodeEngine:319 - oldGeneratedFile, C:\Users\PANKAJA\OneDrive\Acadamics\UOM_Engineering\Academics\Semester-4\EN2160-Electronic-Design-Realization\OmniDirectionalRobot-EN2160\Software\MotorController\Nucleo-Motor-Test\Core\Inc\stm32f4xx_hal_conf.h_save
2025-04-26 00:01:55,568 [INFO] CodeEngine:343 - Generated code: C:\Users\PANKAJA\OneDrive\Acadamics\UOM_Engineering\Academics\Semester-4\EN2160-Electronic-Design-Realization\OmniDirectionalRobot-EN2160\Software\MotorController\Nucleo-Motor-Test\Core\Inc\stm32f4xx_hal_conf.h
2025-04-26 00:01:55,597 [WARN] IPConfigManager:3174 - Warning: the RefConfig PLL2P_FOR_MCO is not available in your config.xml file
2025-04-26 00:01:55,601 [WARN] IPConfigManager:3747 - IP not found : TIM
2025-04-26 00:01:55,602 [WARN] CodeGenerator:4198 - IP not found : null
2025-04-26 00:01:55,615 [INFO] CodeEngine:263 - oldGeneratedFile, C:\Users\PANKAJA\OneDrive\Acadamics\UOM_Engineering\Academics\Semester-4\EN2160-Electronic-Design-Realization\OmniDirectionalRobot-EN2160\Software\MotorController\Nucleo-Motor-Test\Core\Inc\main.h_save
2025-04-26 00:01:55,705 [INFO] CodeEngine:287 - Generated code: C:\Users\PANKAJA\OneDrive\Acadamics\UOM_Engineering\Academics\Semester-4\EN2160-Electronic-Design-Realization\OmniDirectionalRobot-EN2160\Software\MotorController\Nucleo-Motor-Test\Core\Inc\main.h
2025-04-26 00:01:55,719 [INFO] CodeEngine:263 - oldGeneratedFile, C:\Users\PANKAJA\OneDrive\Acadamics\UOM_Engineering\Academics\Semester-4\EN2160-Electronic-Design-Realization\OmniDirectionalRobot-EN2160\Software\MotorController\Nucleo-Motor-Test\Core\Src\main.c_save
2025-04-26 00:01:55,837 [INFO] CodeEngine:287 - Generated code: C:\Users\PANKAJA\OneDrive\Acadamics\UOM_Engineering\Academics\Semester-4\EN2160-Electronic-Design-Realization\OmniDirectionalRobot-EN2160\Software\MotorController\Nucleo-Motor-Test\Core\Src\main.c
2025-04-26 00:01:56,374 [INFO] ProjectBuilder:3324 - Time for Copy HAL[1] : 355mS.
2025-04-26 00:01:56,379 [INFO] ProjectBuilder:4912 - Project Generator version: 4.6.0-B36
2025-04-26 00:01:56,454 [INFO] ConfigFileManager:1590 - The Die is : DIE421
2025-04-26 00:01:57,590 [INFO] ProjectBuilder:5191 - Time for Generating toolchain IDE Files: 1211mS.
2025-04-26 00:01:57,591 [INFO] ProjectBuilder:3181 - Time for Copy CMSIS : 1mS.
2025-04-26 00:01:57,595 [INFO] ProjectBuilder:3181 - Time for Copy CMSIS : 0mS.
2025-04-26 00:12:53,593 [INFO] Gpio:277 - dependency for GPIO [RCC, SYS, TIM1, TIM4, USART2]
2025-04-26 00:12:59,085 [INFO] ADCParametersView:116 -                Rank 1 : false
2025-04-26 00:12:59,201 [INFO] ADCParametersView:116 -                Rank 1 : false
2025-04-26 00:12:59,201 [INFO] ADCParametersView:116 -                Rank 1 : false
2025-04-26 00:12:59,201 [INFO] ADCParametersView:116 -                Rank 1 : false
2025-04-26 00:12:59,201 [INFO] ADCParametersView:116 -                Rank 1 : false
2025-04-26 00:12:59,201 [INFO] ADCParametersView:116 -                Rank 1 : false
2025-04-26 00:12:59,201 [INFO] ADCParametersView:116 -                Rank 1 : false
2025-04-26 00:12:59,203 [INFO] ADCParametersView:116 -                Rank 1 : false
2025-04-26 00:12:59,203 [INFO] ADCParametersView:116 -                Rank 1 : false
2025-04-26 00:12:59,203 [INFO] ADCParametersView:116 -                Rank 1 : false
2025-04-26 00:12:59,203 [INFO] ADCParametersView:116 -                Rank 1 : false
2025-04-26 00:12:59,203 [INFO] ADCParametersView:116 -                Rank 1 : false
2025-04-26 00:12:59,204 [INFO] ADCParametersView:116 -                Rank 1 : false
2025-04-26 00:12:59,204 [INFO] ADCParametersView:116 -                Rank 1 : false
2025-04-26 00:12:59,204 [INFO] ADCParametersView:116 -                Rank 1 : false
2025-04-26 00:12:59,219 [INFO] ADCParametersView:116 -                Rank 1 : false
2025-04-26 00:12:59,410 [INFO] NvicIntPanel:101 - NVIC parent = com.st.microxplorer.plugins.ip.nvic.MultiNvicIntPanel[,0,0,0x0,invalid,layout=javax.swing.BoxLayout,alignmentX=0.0,alignmentY=0.0,border=,flags=9,maximumSize=,minimumSize=,preferredSize=]
2025-04-26 00:12:59,687 [INFO] NvicIntPanel:101 - NVIC parent = com.st.microxplorer.plugins.ip.nvic.MultiNvicIntPanel[,0,0,0x0,invalid,layout=javax.swing.BoxLayout,alignmentX=0.0,alignmentY=0.0,border=,flags=9,maximumSize=,minimumSize=,preferredSize=]
2025-04-26 00:12:59,969 [INFO] NvicIntPanel:101 - NVIC parent = com.st.microxplorer.plugins.ip.nvic.MultiNvicIntPanel[,0,0,0x0,invalid,layout=javax.swing.BoxLayout,alignmentX=0.0,alignmentY=0.0,border=,flags=9,maximumSize=,minimumSize=,preferredSize=]
2025-04-26 00:13:00,157 [INFO] ADCParametersView:116 -                Rank 1 : false
2025-04-26 00:13:00,157 [INFO] ADCParametersView:116 -                Rank 1 : false
2025-04-26 00:13:00,158 [INFO] ADCParametersView:116 -                Rank 1 : false
2025-04-26 00:13:00,158 [INFO] ADCParametersView:116 -                Rank 1 : false
2025-04-26 00:13:00,158 [INFO] ADCParametersView:116 -                Rank 1 : false
2025-04-26 00:13:00,158 [INFO] ADCParametersView:116 -                Rank 1 : false
2025-04-26 00:13:00,158 [INFO] ADCParametersView:116 -                Rank 1 : false
2025-04-26 00:13:00,158 [INFO] ADCParametersView:116 -                Rank 1 : false
2025-04-26 00:13:00,158 [INFO] ADCParametersView:116 -                Rank 1 : false
2025-04-26 00:13:00,158 [INFO] ADCParametersView:116 -                Rank 1 : false
2025-04-26 00:13:00,158 [INFO] ADCParametersView:116 -                Rank 1 : false
2025-04-26 00:13:00,158 [INFO] ADCParametersView:116 -                Rank 1 : false
2025-04-26 00:13:00,159 [INFO] ADCParametersView:116 -                Rank 1 : false
2025-04-26 00:13:00,159 [INFO] ADCParametersView:116 -                Rank 1 : false
2025-04-26 00:13:00,195 [INFO] ADCParametersView:116 -                Rank 1 : false
2025-04-26 00:13:00,266 [INFO] ADCParametersView:116 -                Rank 1 : false
2025-04-26 00:13:00,266 [INFO] ADCParametersView:116 -                Rank 1 : false
2025-04-26 00:13:00,266 [INFO] ADCParametersView:116 -                Rank 1 : false
2025-04-26 00:13:00,267 [INFO] ADCParametersView:116 -                Rank 1 : false
2025-04-26 00:13:00,267 [INFO] ADCParametersView:116 -                Rank 1 : false
2025-04-26 00:13:00,267 [INFO] ADCParametersView:116 -                Rank 1 : false
2025-04-26 00:13:00,267 [INFO] ADCParametersView:116 -                Rank 1 : false
2025-04-26 00:13:00,267 [INFO] ADCParametersView:116 -                Rank 1 : false
2025-04-26 00:13:00,267 [INFO] ADCParametersView:116 -                Rank 1 : false
2025-04-26 00:13:00,267 [INFO] ADCParametersView:116 -                Rank 1 : false
2025-04-26 00:13:00,267 [INFO] ADCParametersView:116 -                Rank 1 : false
2025-04-26 00:13:00,268 [INFO] ADCParametersView:116 -                Rank 1 : false
2025-04-26 00:13:00,268 [INFO] ADCParametersView:116 -                Rank 1 : false
2025-04-26 00:13:00,268 [INFO] ADCParametersView:116 -                Rank 1 : false
2025-04-26 00:13:00,306 [INFO] ADCParametersView:116 -                Rank 1 : false
2025-04-26 00:13:09,270 [INFO] ParamManager:896 - [Generic UI] PropertyChangeEvent: TAB_STATUS_CHANGED , "dont care", "never mind"
2025-04-26 00:13:09,273 [INFO] ADCParametersView:116 -                Rank 1 : false
2025-04-26 00:13:09,273 [INFO] ADCParametersView:116 -                Rank 1 : false
2025-04-26 00:13:09,274 [INFO] ADCParametersView:116 -                Rank 1 : false
2025-04-26 00:13:09,274 [INFO] ADCParametersView:116 -                Rank 1 : false
2025-04-26 00:13:09,274 [INFO] ADCParametersView:116 -                Rank 1 : false
2025-04-26 00:13:09,274 [INFO] ADCParametersView:116 -                Rank 1 : false
2025-04-26 00:13:09,274 [INFO] ADCParametersView:116 -                Rank 1 : false
2025-04-26 00:13:09,274 [INFO] ADCParametersView:116 -                Rank 1 : false
2025-04-26 00:13:09,274 [INFO] ADCParametersView:116 -                Rank 1 : false
2025-04-26 00:13:09,274 [INFO] ADCParametersView:116 -                Rank 1 : false
2025-04-26 00:13:09,274 [INFO] ADCParametersView:116 -                Rank 1 : false
2025-04-26 00:13:09,274 [INFO] ADCParametersView:116 -                Rank 1 : false
2025-04-26 00:13:09,274 [INFO] ADCParametersView:116 -                Rank 1 : false
2025-04-26 00:13:09,274 [INFO] ADCParametersView:116 -                Rank 1 : false
2025-04-26 00:13:09,280 [INFO] ParamManager:896 - [Generic UI] PropertyChangeEvent: TAB_STATUS_CHANGED , "dont care", "never mind"
2025-04-26 00:13:09,288 [INFO] ADCParametersView:116 -                Rank 1 : false
2025-04-26 00:13:09,328 [INFO] ADCParametersView:116 -                Rank 1 : false
2025-04-26 00:13:09,328 [INFO] ADCParametersView:116 -                Rank 1 : false
2025-04-26 00:13:09,328 [INFO] ADCParametersView:116 -                Rank 1 : false
2025-04-26 00:13:09,328 [INFO] ADCParametersView:116 -                Rank 1 : false
2025-04-26 00:13:09,329 [INFO] ADCParametersView:116 -                Rank 1 : false
2025-04-26 00:13:09,329 [INFO] ADCParametersView:116 -                Rank 1 : false
2025-04-26 00:13:09,329 [INFO] ADCParametersView:116 -                Rank 1 : false
2025-04-26 00:13:09,329 [INFO] ADCParametersView:116 -                Rank 1 : false
2025-04-26 00:13:09,329 [INFO] ADCParametersView:116 -                Rank 1 : false
2025-04-26 00:13:09,329 [INFO] ADCParametersView:116 -                Rank 1 : false
2025-04-26 00:13:09,329 [INFO] ADCParametersView:116 -                Rank 1 : false
2025-04-26 00:13:09,329 [INFO] ADCParametersView:116 -                Rank 1 : false
2025-04-26 00:13:09,329 [INFO] ADCParametersView:116 -                Rank 1 : false
2025-04-26 00:13:09,329 [INFO] ADCParametersView:116 -                Rank 1 : false
2025-04-26 00:13:09,340 [INFO] ADCParametersView:116 -                Rank 1 : false
2025-04-26 00:13:09,489 [INFO] NvicIntPanel:101 - NVIC parent = com.st.microxplorer.plugins.ip.nvic.MultiNvicIntPanel[,0,0,0x0,invalid,layout=javax.swing.BoxLayout,alignmentX=0.0,alignmentY=0.0,border=,flags=9,maximumSize=,minimumSize=,preferredSize=]
2025-04-26 00:13:09,641 [INFO] NvicIntPanel:101 - NVIC parent = com.st.microxplorer.plugins.ip.nvic.MultiNvicIntPanel[,0,0,0x0,invalid,layout=javax.swing.BoxLayout,alignmentX=0.0,alignmentY=0.0,border=,flags=9,maximumSize=,minimumSize=,preferredSize=]
2025-04-26 00:13:09,697 [INFO] ADCParametersView:116 -                Rank 1 : false
2025-04-26 00:13:09,698 [INFO] ADCParametersView:116 -                Rank 1 : false
2025-04-26 00:13:09,698 [INFO] ADCParametersView:116 -                Rank 1 : false
2025-04-26 00:13:09,698 [INFO] ADCParametersView:116 -                Rank 1 : false
2025-04-26 00:13:09,698 [INFO] ADCParametersView:116 -                Rank 1 : false
2025-04-26 00:13:09,698 [INFO] ADCParametersView:116 -                Rank 1 : false
2025-04-26 00:13:09,698 [INFO] ADCParametersView:116 -                Rank 1 : false
2025-04-26 00:13:09,699 [INFO] ADCParametersView:116 -                Rank 1 : false
2025-04-26 00:13:09,699 [INFO] ADCParametersView:116 -                Rank 1 : false
2025-04-26 00:13:09,699 [INFO] ADCParametersView:116 -                Rank 1 : false
2025-04-26 00:13:09,699 [INFO] ADCParametersView:116 -                Rank 1 : false
2025-04-26 00:13:09,699 [INFO] ADCParametersView:116 -                Rank 1 : false
2025-04-26 00:13:09,699 [INFO] ADCParametersView:116 -                Rank 1 : false
2025-04-26 00:13:09,699 [INFO] ADCParametersView:116 -                Rank 1 : false
2025-04-26 00:13:09,724 [INFO] ADCParametersView:116 -                Rank 1 : false
2025-04-26 00:13:09,767 [INFO] ADCParametersView:116 -                Rank 1 : false
2025-04-26 00:13:09,767 [INFO] ADCParametersView:116 -                Rank 1 : false
2025-04-26 00:13:09,767 [INFO] ADCParametersView:116 -                Rank 1 : false
2025-04-26 00:13:09,767 [INFO] ADCParametersView:116 -                Rank 1 : false
2025-04-26 00:13:09,767 [INFO] ADCParametersView:116 -                Rank 1 : false
2025-04-26 00:13:09,767 [INFO] ADCParametersView:116 -                Rank 1 : false
2025-04-26 00:13:09,768 [INFO] ADCParametersView:116 -                Rank 1 : false
2025-04-26 00:13:09,768 [INFO] ADCParametersView:116 -                Rank 1 : false
2025-04-26 00:13:09,768 [INFO] ADCParametersView:116 -                Rank 1 : false
2025-04-26 00:13:09,768 [INFO] ADCParametersView:116 -                Rank 1 : false
2025-04-26 00:13:09,768 [INFO] ADCParametersView:116 -                Rank 1 : false
2025-04-26 00:13:09,768 [INFO] ADCParametersView:116 -                Rank 1 : false
2025-04-26 00:13:09,768 [INFO] ADCParametersView:116 -                Rank 1 : false
2025-04-26 00:13:09,768 [INFO] ADCParametersView:116 -                Rank 1 : false
2025-04-26 00:13:09,807 [INFO] ADCParametersView:116 -                Rank 1 : false
2025-04-26 00:13:13,508 [INFO] ParamManager:896 - [Generic UI] PropertyChangeEvent: TAB_STATUS_CHANGED , "dont care", "never mind"
2025-04-26 00:13:13,512 [INFO] ADCParametersView:116 -                Rank 1 : false
2025-04-26 00:13:13,512 [INFO] ADCParametersView:116 -                Rank 1 : false
2025-04-26 00:13:13,512 [INFO] ADCParametersView:116 -                Rank 1 : false
2025-04-26 00:13:13,512 [INFO] ADCParametersView:116 -                Rank 1 : false
2025-04-26 00:13:13,513 [INFO] ADCParametersView:116 -                Rank 1 : false
2025-04-26 00:13:13,513 [INFO] ADCParametersView:116 -                Rank 1 : false
2025-04-26 00:13:13,513 [INFO] ADCParametersView:116 -                Rank 1 : false
2025-04-26 00:13:13,513 [INFO] ADCParametersView:116 -                Rank 1 : false
2025-04-26 00:13:13,513 [INFO] ADCParametersView:116 -                Rank 1 : false
2025-04-26 00:13:13,513 [INFO] ADCParametersView:116 -                Rank 1 : false
2025-04-26 00:13:13,513 [INFO] ADCParametersView:116 -                Rank 1 : false
2025-04-26 00:13:13,514 [INFO] ADCParametersView:116 -                Rank 1 : false
2025-04-26 00:13:13,514 [INFO] ADCParametersView:116 -                Rank 1 : false
2025-04-26 00:13:13,514 [INFO] ADCParametersView:116 -                Rank 1 : false
2025-04-26 00:13:13,521 [INFO] ParamManager:896 - [Generic UI] PropertyChangeEvent: TAB_STATUS_CHANGED , "dont care", "never mind"
2025-04-26 00:13:13,531 [INFO] ADCParametersView:116 -                Rank 1 : false
2025-04-26 00:13:13,556 [INFO] ADCParametersView:116 -                Rank 1 : false
2025-04-26 00:13:13,556 [INFO] ADCParametersView:116 -                Rank 1 : false
2025-04-26 00:13:13,556 [INFO] ADCParametersView:116 -                Rank 1 : false
2025-04-26 00:13:13,558 [INFO] ADCParametersView:116 -                Rank 1 : false
2025-04-26 00:13:13,558 [INFO] ADCParametersView:116 -                Rank 1 : false
2025-04-26 00:13:13,558 [INFO] ADCParametersView:116 -                Rank 1 : false
2025-04-26 00:13:13,558 [INFO] ADCParametersView:116 -                Rank 1 : false
2025-04-26 00:13:13,558 [INFO] ADCParametersView:116 -                Rank 1 : false
2025-04-26 00:13:13,558 [INFO] ADCParametersView:116 -                Rank 1 : false
2025-04-26 00:13:13,558 [INFO] ADCParametersView:116 -                Rank 1 : false
2025-04-26 00:13:13,558 [INFO] ADCParametersView:116 -                Rank 1 : false
2025-04-26 00:13:13,558 [INFO] ADCParametersView:116 -                Rank 1 : false
2025-04-26 00:13:13,558 [INFO] ADCParametersView:116 -                Rank 1 : false
2025-04-26 00:13:13,558 [INFO] ADCParametersView:116 -                Rank 1 : false
2025-04-26 00:13:13,570 [INFO] ADCParametersView:116 -                Rank 1 : false
2025-04-26 00:13:13,681 [INFO] NvicIntPanel:101 - NVIC parent = com.st.microxplorer.plugins.ip.nvic.MultiNvicIntPanel[,0,0,0x0,invalid,layout=javax.swing.BoxLayout,alignmentX=0.0,alignmentY=0.0,border=,flags=9,maximumSize=,minimumSize=,preferredSize=]
2025-04-26 00:13:13,754 [INFO] NvicIntPanel:101 - NVIC parent = com.st.microxplorer.plugins.ip.nvic.MultiNvicIntPanel[,0,0,0x0,invalid,layout=javax.swing.BoxLayout,alignmentX=0.0,alignmentY=0.0,border=,flags=9,maximumSize=,minimumSize=,preferredSize=]
2025-04-26 00:13:13,796 [INFO] ADCParametersView:116 -                Rank 1 : false
2025-04-26 00:13:13,796 [INFO] ADCParametersView:116 -                Rank 1 : false
2025-04-26 00:13:13,796 [INFO] ADCParametersView:116 -                Rank 1 : false
2025-04-26 00:13:13,796 [INFO] ADCParametersView:116 -                Rank 1 : false
2025-04-26 00:13:13,796 [INFO] ADCParametersView:116 -                Rank 1 : false
2025-04-26 00:13:13,796 [INFO] ADCParametersView:116 -                Rank 1 : false
2025-04-26 00:13:13,796 [INFO] ADCParametersView:116 -                Rank 1 : false
2025-04-26 00:13:13,796 [INFO] ADCParametersView:116 -                Rank 1 : false
2025-04-26 00:13:13,796 [INFO] ADCParametersView:116 -                Rank 1 : false
2025-04-26 00:13:13,796 [INFO] ADCParametersView:116 -                Rank 1 : false
2025-04-26 00:13:13,796 [INFO] ADCParametersView:116 -                Rank 1 : false
2025-04-26 00:13:13,797 [INFO] ADCParametersView:116 -                Rank 1 : false
2025-04-26 00:13:13,797 [INFO] ADCParametersView:116 -                Rank 1 : false
2025-04-26 00:13:13,797 [INFO] ADCParametersView:116 -                Rank 1 : false
2025-04-26 00:13:13,817 [INFO] ADCParametersView:116 -                Rank 1 : false
2025-04-26 00:13:13,844 [INFO] ADCParametersView:116 -                Rank 1 : false
2025-04-26 00:13:13,844 [INFO] ADCParametersView:116 -                Rank 1 : false
2025-04-26 00:13:13,844 [INFO] ADCParametersView:116 -                Rank 1 : false
2025-04-26 00:13:13,844 [INFO] ADCParametersView:116 -                Rank 1 : false
2025-04-26 00:13:13,844 [INFO] ADCParametersView:116 -                Rank 1 : false
2025-04-26 00:13:13,844 [INFO] ADCParametersView:116 -                Rank 1 : false
2025-04-26 00:13:13,844 [INFO] ADCParametersView:116 -                Rank 1 : false
2025-04-26 00:13:13,844 [INFO] ADCParametersView:116 -                Rank 1 : false
2025-04-26 00:13:13,844 [INFO] ADCParametersView:116 -                Rank 1 : false
2025-04-26 00:13:13,844 [INFO] ADCParametersView:116 -                Rank 1 : false
2025-04-26 00:13:13,844 [INFO] ADCParametersView:116 -                Rank 1 : false
2025-04-26 00:13:13,844 [INFO] ADCParametersView:116 -                Rank 1 : false
2025-04-26 00:13:13,844 [INFO] ADCParametersView:116 -                Rank 1 : false
2025-04-26 00:13:13,844 [INFO] ADCParametersView:116 -                Rank 1 : false
2025-04-26 00:13:13,864 [INFO] ADCParametersView:116 -                Rank 1 : false
2025-04-26 00:13:58,460 [INFO] ADCParametersView:116 -                Rank 1 : false
2025-04-26 00:13:58,464 [INFO] ADCParametersView:116 -                Rank 1 : false
2025-04-26 00:13:58,464 [INFO] ADCParametersView:116 -                Rank 1 : false
2025-04-26 00:13:58,464 [INFO] ADCParametersView:116 -                Rank 1 : false
2025-04-26 00:13:58,464 [INFO] ADCParametersView:116 -                Rank 1 : false
2025-04-26 00:13:58,464 [INFO] ADCParametersView:116 -                Rank 1 : false
2025-04-26 00:13:58,464 [INFO] ADCParametersView:116 -                Rank 1 : false
2025-04-26 00:13:58,464 [INFO] ADCParametersView:116 -                Rank 1 : false
2025-04-26 00:13:58,464 [INFO] ADCParametersView:116 -                Rank 1 : false
2025-04-26 00:13:58,464 [INFO] ADCParametersView:116 -                Rank 1 : false
2025-04-26 00:13:58,464 [INFO] ADCParametersView:116 -                Rank 1 : false
2025-04-26 00:13:58,464 [INFO] ADCParametersView:116 -                Rank 1 : false
2025-04-26 00:13:58,464 [INFO] ADCParametersView:116 -                Rank 1 : false
2025-04-26 00:13:58,464 [INFO] ADCParametersView:116 -                Rank 1 : false
2025-04-26 00:13:58,473 [INFO] ADCParametersView:116 -                Rank 1 : false
2025-04-26 00:13:58,488 [INFO] ADCParametersView:116 -                Rank 1 : false
2025-04-26 00:13:58,491 [INFO] ADCParametersView:116 -                Rank 1 : false
2025-04-26 00:13:58,491 [INFO] ADCParametersView:116 -                Rank 1 : false
2025-04-26 00:13:58,491 [INFO] ADCParametersView:116 -                Rank 1 : false
2025-04-26 00:13:58,491 [INFO] ADCParametersView:116 -                Rank 1 : false
2025-04-26 00:13:58,491 [INFO] ADCParametersView:116 -                Rank 1 : false
2025-04-26 00:13:58,491 [INFO] ADCParametersView:116 -                Rank 1 : false
2025-04-26 00:13:58,491 [INFO] ADCParametersView:116 -                Rank 1 : false
2025-04-26 00:13:58,491 [INFO] ADCParametersView:116 -                Rank 1 : false
2025-04-26 00:13:58,491 [INFO] ADCParametersView:116 -                Rank 1 : false
2025-04-26 00:13:58,491 [INFO] ADCParametersView:116 -                Rank 1 : false
2025-04-26 00:13:58,491 [INFO] ADCParametersView:116 -                Rank 1 : false
2025-04-26 00:13:58,491 [INFO] ADCParametersView:116 -                Rank 1 : false
2025-04-26 00:13:58,491 [INFO] ADCParametersView:116 -                Rank 1 : false
2025-04-26 00:13:58,497 [INFO] ADCParametersView:116 -                Rank 1 : false
2025-04-26 00:13:58,531 [INFO] ADCParametersView:116 -                Rank 1 : false
2025-04-26 00:13:58,532 [INFO] ADCParametersView:116 -                Rank 1 : false
2025-04-26 00:13:58,532 [INFO] ADCParametersView:116 -                Rank 1 : false
2025-04-26 00:13:58,532 [INFO] ADCParametersView:116 -                Rank 1 : false
2025-04-26 00:13:58,532 [INFO] ADCParametersView:116 -                Rank 1 : false
2025-04-26 00:13:58,532 [INFO] ADCParametersView:116 -                Rank 1 : false
2025-04-26 00:13:58,532 [INFO] ADCParametersView:116 -                Rank 1 : false
2025-04-26 00:13:58,532 [INFO] ADCParametersView:116 -                Rank 1 : false
2025-04-26 00:13:58,532 [INFO] ADCParametersView:116 -                Rank 1 : false
2025-04-26 00:13:58,532 [INFO] ADCParametersView:116 -                Rank 1 : false
2025-04-26 00:13:58,532 [INFO] ADCParametersView:116 -                Rank 1 : false
2025-04-26 00:13:58,532 [INFO] ADCParametersView:116 -                Rank 1 : false
2025-04-26 00:13:58,532 [INFO] ADCParametersView:116 -                Rank 1 : false
2025-04-26 00:13:58,532 [INFO] ADCParametersView:116 -                Rank 1 : false
2025-04-26 00:13:58,554 [INFO] ADCParametersView:116 -                Rank 1 : false
2025-04-26 00:14:28,689 [INFO] ADCParametersView:116 -                Rank 1 : false
2025-04-26 00:14:28,691 [INFO] ADCParametersView:116 -                Rank 1 : false
2025-04-26 00:14:28,691 [INFO] ADCParametersView:116 -                Rank 1 : false
2025-04-26 00:14:28,691 [INFO] ADCParametersView:116 -                Rank 1 : false
2025-04-26 00:14:28,691 [INFO] ADCParametersView:116 -                Rank 1 : false
2025-04-26 00:14:28,691 [INFO] ADCParametersView:116 -                Rank 1 : false
2025-04-26 00:14:28,691 [INFO] ADCParametersView:116 -                Rank 1 : false
2025-04-26 00:14:28,691 [INFO] ADCParametersView:116 -                Rank 1 : false
2025-04-26 00:14:28,691 [INFO] ADCParametersView:116 -                Rank 1 : false
2025-04-26 00:14:28,691 [INFO] ADCParametersView:116 -                Rank 1 : false
2025-04-26 00:14:28,691 [INFO] ADCParametersView:116 -                Rank 1 : false
2025-04-26 00:14:28,691 [INFO] ADCParametersView:116 -                Rank 1 : false
2025-04-26 00:14:28,691 [INFO] ADCParametersView:116 -                Rank 1 : false
2025-04-26 00:14:28,691 [INFO] ADCParametersView:116 -                Rank 1 : false
2025-04-26 00:14:28,710 [INFO] ADCParametersView:116 -                Rank 1 : false
2025-04-26 00:14:28,753 [INFO] ADCParametersView:116 -                Rank 1 : false
2025-04-26 00:14:28,755 [INFO] ADCParametersView:116 -                Rank 1 : false
2025-04-26 00:14:28,755 [INFO] ADCParametersView:116 -                Rank 1 : false
2025-04-26 00:14:28,755 [INFO] ADCParametersView:116 -                Rank 1 : false
2025-04-26 00:14:28,755 [INFO] ADCParametersView:116 -                Rank 1 : false
2025-04-26 00:14:28,755 [INFO] ADCParametersView:116 -                Rank 1 : false
2025-04-26 00:14:28,755 [INFO] ADCParametersView:116 -                Rank 1 : false
2025-04-26 00:14:28,755 [INFO] ADCParametersView:116 -                Rank 1 : false
2025-04-26 00:14:28,755 [INFO] ADCParametersView:116 -                Rank 1 : false
2025-04-26 00:14:28,755 [INFO] ADCParametersView:116 -                Rank 1 : false
2025-04-26 00:14:28,755 [INFO] ADCParametersView:116 -                Rank 1 : false
2025-04-26 00:14:28,755 [INFO] ADCParametersView:116 -                Rank 1 : false
2025-04-26 00:14:28,755 [INFO] ADCParametersView:116 -                Rank 1 : false
2025-04-26 00:14:28,755 [INFO] ADCParametersView:116 -                Rank 1 : false
2025-04-26 00:14:28,773 [INFO] ADCParametersView:116 -                Rank 1 : false
2025-04-26 00:14:46,896 [INFO] NvicIntPanel:101 - NVIC parent = com.st.microxplorer.plugins.ip.nvic.MultiNvicIntPanel[,0,0,0x0,invalid,layout=javax.swing.BoxLayout,alignmentX=0.0,alignmentY=0.0,border=,flags=9,maximumSize=,minimumSize=,preferredSize=]
2025-04-26 00:14:46,928 [INFO] ADCParametersView:116 -                Rank 1 : false
2025-04-26 00:14:46,929 [INFO] ADCParametersView:116 -                Rank 1 : false
2025-04-26 00:14:46,929 [INFO] ADCParametersView:116 -                Rank 1 : false
2025-04-26 00:14:46,929 [INFO] ADCParametersView:116 -                Rank 1 : false
2025-04-26 00:14:46,929 [INFO] ADCParametersView:116 -                Rank 1 : false
2025-04-26 00:14:46,929 [INFO] ADCParametersView:116 -                Rank 1 : false
2025-04-26 00:14:46,929 [INFO] ADCParametersView:116 -                Rank 1 : false
2025-04-26 00:14:46,929 [INFO] ADCParametersView:116 -                Rank 1 : false
2025-04-26 00:14:46,929 [INFO] ADCParametersView:116 -                Rank 1 : false
2025-04-26 00:14:46,929 [INFO] ADCParametersView:116 -                Rank 1 : false
2025-04-26 00:14:46,929 [INFO] ADCParametersView:116 -                Rank 1 : false
2025-04-26 00:14:46,929 [INFO] ADCParametersView:116 -                Rank 1 : false
2025-04-26 00:14:46,929 [INFO] ADCParametersView:116 -                Rank 1 : false
2025-04-26 00:14:46,929 [INFO] ADCParametersView:116 -                Rank 1 : false
2025-04-26 00:14:46,952 [INFO] ADCParametersView:116 -                Rank 1 : false
2025-04-26 00:15:23,919 [INFO] UtilMem:75 - End SaveConfig() Used Memory: 802435176 Bytes (1073741824)
2025-04-26 00:15:25,747 [INFO] UtilMem:75 - End SaveConfig() Used Memory: 857458440 Bytes (1073741824)
2025-04-26 00:15:25,947 [INFO] BlockDiagram:2775 - set Specific Code input for plugin: TIM1_8
2025-04-26 00:15:25,947 [INFO] BlockDiagram:2775 - set Specific Code input for plugin: TIM1_8
2025-04-26 00:15:25,947 [INFO] BlockDiagram:2775 - set Specific Code input for plugin: SYS
2025-04-26 00:15:25,947 [INFO] BlockDiagram:2775 - set Specific Code input for plugin: ADC
2025-04-26 00:15:25,947 [INFO] BlockDiagram:2775 - set Specific Code input for plugin: RCC
2025-04-26 00:15:25,947 [INFO] BlockDiagram:2775 - set Specific Code input for plugin: NVIC
2025-04-26 00:15:25,947 [INFO] BlockDiagram:2775 - set Specific Code input for plugin: USART
2025-04-26 00:15:25,947 [INFO] BlockDiagram:2775 - set Specific Code input for plugin: DMA
2025-04-26 00:15:25,947 [INFO] BlockDiagram:2775 - set Specific Code input for plugin: GPIO
2025-04-26 00:15:25,948 [INFO] CodeGenerator:882 - code generatio: config db path: C:\ST\STM32CubeIDE_1.15.1\STM32CubeIDE\plugins\com.st.stm32cube.common.mx_6.14.0.202502271554\\db\
2025-04-26 00:15:26,021 [INFO] CodeEngine:263 - oldGeneratedFile, C:\Users\PANKAJA\OneDrive\Acadamics\UOM_Engineering\Academics\Semester-4\EN2160-Electronic-Design-Realization\OmniDirectionalRobot-EN2160\Software\MotorController\Nucleo-Motor-Test\MXTmpFiles\license.tmp_save
2025-04-26 00:15:26,261 [INFO] CodeEngine:287 - Generated code: C:\Users\PANKAJA\OneDrive\Acadamics\UOM_Engineering\Academics\Semester-4\EN2160-Electronic-Design-Realization\OmniDirectionalRobot-EN2160\Software\MotorController\Nucleo-Motor-Test\MXTmpFiles\license.tmp
2025-04-26 00:15:26,290 [INFO] CodeEngine:263 - oldGeneratedFile, C:\Users\PANKAJA\OneDrive\Acadamics\UOM_Engineering\Academics\Semester-4\EN2160-Electronic-Design-Realization\OmniDirectionalRobot-EN2160\Software\MotorController\Nucleo-Motor-Test\MXTmpFiles\gpio.tmp_save
2025-04-26 00:15:26,444 [INFO] CodeEngine:287 - Generated code: C:\Users\PANKAJA\OneDrive\Acadamics\UOM_Engineering\Academics\Semester-4\EN2160-Electronic-Design-Realization\OmniDirectionalRobot-EN2160\Software\MotorController\Nucleo-Motor-Test\MXTmpFiles\gpio.tmp
2025-04-26 00:15:26,663 [INFO] CodeEngine:263 - oldGeneratedFile, C:\Users\PANKAJA\OneDrive\Acadamics\UOM_Engineering\Academics\Semester-4\EN2160-Electronic-Design-Realization\OmniDirectionalRobot-EN2160\Software\MotorController\Nucleo-Motor-Test\MXTmpFiles\dma.tmp_save
2025-04-26 00:15:26,772 [INFO] CodeEngine:287 - Generated code: C:\Users\PANKAJA\OneDrive\Acadamics\UOM_Engineering\Academics\Semester-4\EN2160-Electronic-Design-Realization\OmniDirectionalRobot-EN2160\Software\MotorController\Nucleo-Motor-Test\MXTmpFiles\dma.tmp
2025-04-26 00:15:26,777 [INFO] CodeEngine:263 - oldGeneratedFile, C:\Users\PANKAJA\OneDrive\Acadamics\UOM_Engineering\Academics\Semester-4\EN2160-Electronic-Design-Realization\OmniDirectionalRobot-EN2160\Software\MotorController\Nucleo-Motor-Test\MXTmpFiles\dma_GV.tmp_save
2025-04-26 00:15:26,863 [INFO] CodeEngine:287 - Generated code: C:\Users\PANKAJA\OneDrive\Acadamics\UOM_Engineering\Academics\Semester-4\EN2160-Electronic-Design-Realization\OmniDirectionalRobot-EN2160\Software\MotorController\Nucleo-Motor-Test\MXTmpFiles\dma_GV.tmp
2025-04-26 00:15:26,880 [INFO] CodeEngine:263 - oldGeneratedFile, C:\Users\PANKAJA\OneDrive\Acadamics\UOM_Engineering\Academics\Semester-4\EN2160-Electronic-Design-Realization\OmniDirectionalRobot-EN2160\Software\MotorController\Nucleo-Motor-Test\Core\Src\stm32f4xx_it.c_save
2025-04-26 00:15:27,179 [INFO] CodeEngine:287 - Generated code: C:\Users\PANKAJA\OneDrive\Acadamics\UOM_Engineering\Academics\Semester-4\EN2160-Electronic-Design-Realization\OmniDirectionalRobot-EN2160\Software\MotorController\Nucleo-Motor-Test\Core\Src\stm32f4xx_it.c
2025-04-26 00:15:27,191 [INFO] CodeEngine:263 - oldGeneratedFile, C:\Users\PANKAJA\OneDrive\Acadamics\UOM_Engineering\Academics\Semester-4\EN2160-Electronic-Design-Realization\OmniDirectionalRobot-EN2160\Software\MotorController\Nucleo-Motor-Test\Core\Inc\stm32f4xx_it.h_save
2025-04-26 00:15:27,337 [INFO] CodeEngine:287 - Generated code: C:\Users\PANKAJA\OneDrive\Acadamics\UOM_Engineering\Academics\Semester-4\EN2160-Electronic-Design-Realization\OmniDirectionalRobot-EN2160\Software\MotorController\Nucleo-Motor-Test\Core\Inc\stm32f4xx_it.h
2025-04-26 00:15:27,358 [INFO] CodeEngine:263 - oldGeneratedFile, C:\Users\PANKAJA\OneDrive\Acadamics\UOM_Engineering\Academics\Semester-4\EN2160-Electronic-Design-Realization\OmniDirectionalRobot-EN2160\Software\MotorController\Nucleo-Motor-Test\Core\Src\stm32f4xx_hal_msp.c_save
2025-04-26 00:15:27,496 [INFO] CodeEngine:287 - Generated code: C:\Users\PANKAJA\OneDrive\Acadamics\UOM_Engineering\Academics\Semester-4\EN2160-Electronic-Design-Realization\OmniDirectionalRobot-EN2160\Software\MotorController\Nucleo-Motor-Test\Core\Src\stm32f4xx_hal_msp.c
2025-04-26 00:15:27,503 [INFO] CodeEngine:263 - oldGeneratedFile, C:\Users\PANKAJA\OneDrive\Acadamics\UOM_Engineering\Academics\Semester-4\EN2160-Electronic-Design-Realization\OmniDirectionalRobot-EN2160\Software\MotorController\Nucleo-Motor-Test\MXTmpFiles\system.tmp_save
2025-04-26 00:15:27,578 [INFO] CodeEngine:287 - Generated code: C:\Users\PANKAJA\OneDrive\Acadamics\UOM_Engineering\Academics\Semester-4\EN2160-Electronic-Design-Realization\OmniDirectionalRobot-EN2160\Software\MotorController\Nucleo-Motor-Test\MXTmpFiles\system.tmp
2025-04-26 00:15:27,592 [INFO] CodeEngine:319 - oldGeneratedFile, C:\Users\PANKAJA\OneDrive\Acadamics\UOM_Engineering\Academics\Semester-4\EN2160-Electronic-Design-Realization\OmniDirectionalRobot-EN2160\Software\MotorController\Nucleo-Motor-Test\Core\Inc\stm32f4xx_hal_conf.h_save
2025-04-26 00:15:27,675 [INFO] CodeEngine:343 - Generated code: C:\Users\PANKAJA\OneDrive\Acadamics\UOM_Engineering\Academics\Semester-4\EN2160-Electronic-Design-Realization\OmniDirectionalRobot-EN2160\Software\MotorController\Nucleo-Motor-Test\Core\Inc\stm32f4xx_hal_conf.h
2025-04-26 00:15:27,696 [WARN] IPConfigManager:3174 - Warning: the RefConfig PLL2P_FOR_MCO is not available in your config.xml file
2025-04-26 00:15:27,700 [INFO] ApiDbMcu:508 - Load IP Config File for ADC1
2025-04-26 00:15:27,701 [WARN] IPConfigManager:3747 - IP not found : TIM
2025-04-26 00:15:27,702 [WARN] CodeGenerator:4198 - IP not found : null
2025-04-26 00:15:27,712 [INFO] CodeEngine:263 - oldGeneratedFile, C:\Users\PANKAJA\OneDrive\Acadamics\UOM_Engineering\Academics\Semester-4\EN2160-Electronic-Design-Realization\OmniDirectionalRobot-EN2160\Software\MotorController\Nucleo-Motor-Test\Core\Inc\main.h_save
2025-04-26 00:15:27,819 [INFO] CodeEngine:287 - Generated code: C:\Users\PANKAJA\OneDrive\Acadamics\UOM_Engineering\Academics\Semester-4\EN2160-Electronic-Design-Realization\OmniDirectionalRobot-EN2160\Software\MotorController\Nucleo-Motor-Test\Core\Inc\main.h
2025-04-26 00:15:27,829 [INFO] CodeEngine:263 - oldGeneratedFile, C:\Users\PANKAJA\OneDrive\Acadamics\UOM_Engineering\Academics\Semester-4\EN2160-Electronic-Design-Realization\OmniDirectionalRobot-EN2160\Software\MotorController\Nucleo-Motor-Test\Core\Src\main.c_save
2025-04-26 00:15:27,944 [INFO] CodeEngine:287 - Generated code: C:\Users\PANKAJA\OneDrive\Acadamics\UOM_Engineering\Academics\Semester-4\EN2160-Electronic-Design-Realization\OmniDirectionalRobot-EN2160\Software\MotorController\Nucleo-Motor-Test\Core\Src\main.c
2025-04-26 00:15:28,233 [INFO] ProjectBuilder:3324 - Time for Copy HAL[1] : 193mS.
2025-04-26 00:15:28,238 [INFO] ProjectBuilder:4912 - Project Generator version: 4.6.0-B36
2025-04-26 00:15:28,306 [INFO] ConfigFileManager:1590 - The Die is : DIE421
2025-04-26 00:15:29,366 [INFO] ProjectBuilder:5191 - Time for Generating toolchain IDE Files: 1128mS.
2025-04-26 00:15:29,367 [INFO] ProjectBuilder:3181 - Time for Copy CMSIS : 0mS.
2025-04-26 00:15:29,371 [INFO] ProjectBuilder:3181 - Time for Copy CMSIS : 0mS.
2025-04-26 00:37:07,309 [INFO] Activator:176 - 


2025-04-26 00:37:07,309 [INFO] Activator:177 - !SESSION log4j initialized
2025-04-26 00:37:11,512 [INFO] LogOutputStream:77 - [STDOUT_REDIRECT] 
2025-04-26 00:37:12,493 [INFO] ApplicationProperties:184 - Using Application install path: C:\ST\STM32CubeIDE_1.15.1\STM32CubeIDE\plugins\com.st.stm32cube.common.mx_6.14.0.202502271554
2025-04-26 00:37:12,507 [INFO] DbMcusXml:78 - Set database path to: C:\ST\STM32CubeIDE_1.15.1\STM32CubeIDE\plugins\com.st.stm32cube.common.mx_6.14.0.202502271554\\db\/mcu/
2025-04-26 00:37:12,507 [INFO] ApiDb:274 - Set plugin database path to: C:\ST\STM32CubeIDE_1.15.1\STM32CubeIDE\plugins\com.st.stm32cube.common.mx_6.14.0.202502271554\\db\/plugins/boardmanager/
2025-04-26 00:37:12,508 [WARN] ApiDb:259 - Overriding images path with different value:  => C:\ST\STM32CubeIDE_1.15.1\STM32CubeIDE\plugins\com.st.stm32cube.common.mx_6.14.0.202502271554\\db\/plugins/mcufinder/images/
2025-04-26 00:37:12,513 [INFO] ApiDb:250 - Set database path to: C:\Users\PANKAJA\.stmcufinder\plugins\mcufinder//mcu/
2025-04-26 00:37:12,514 [INFO] DbMcusAds:125 - Set database path to: C:\Users\PANKAJA\.stmcufinder\plugins\mcufinder//mcu/
2025-04-26 00:37:12,516 [INFO] CrossReferenceDbSqlite:203 - Set database path to: C:\Users\PANKAJA\.stmcufinder\plugins\mcufinder//mcu/cs/
2025-04-26 00:37:12,597 [INFO] RulesReader:64 - Compatibility file has been processed (301 Rules)
2025-04-26 00:37:12,664 [INFO] DbMcusXml:78 - Set database path to: C:\ST\STM32CubeIDE_1.15.1\STM32CubeIDE\plugins\com.st.stm32cube.common.mx_6.14.0.202502271554\\db\/mcu/
2025-04-26 00:37:12,664 [INFO] ApiDb:274 - Set plugin database path to: C:\ST\STM32CubeIDE_1.15.1\STM32CubeIDE\plugins\com.st.stm32cube.common.mx_6.14.0.202502271554\\db\/plugins/boardmanager/
2025-04-26 00:37:12,664 [INFO] ApiDb:261 - Set plugin images path to: C:\ST\STM32CubeIDE_1.15.1\STM32CubeIDE\plugins\com.st.stm32cube.common.mx_6.14.0.202502271554\\db\/plugins/mcufinder/images/
2025-04-26 00:37:12,664 [WARN] DbFile:41 - Overriding database path with different value: C:\Users\PANKAJA\.stmcufinder\plugins\mcufinder/ => C:\Users\PANKAJA\.stmcufinder\plugins\mcufinder
2025-04-26 00:37:12,664 [INFO] ApiDb:250 - Set database path to: C:\Users\PANKAJA\.stmcufinder\plugins\mcufinder//mcu/
2025-04-26 00:37:12,664 [WARN] DbFile:41 - Overriding database path with different value: C:\Users\PANKAJA\.stmcufinder\plugins\mcufinder/ => C:\Users\PANKAJA\.stmcufinder\plugins\mcufinder
2025-04-26 00:37:12,665 [INFO] DbMcusAds:125 - Set database path to: C:\Users\PANKAJA\.stmcufinder\plugins\mcufinder//mcu/
2025-04-26 00:37:12,665 [WARN] DbFile:41 - Overriding database path with different value: C:\Users\PANKAJA\.stmcufinder\plugins\mcufinder/ => C:\Users\PANKAJA\.stmcufinder\plugins\mcufinder
2025-04-26 00:37:12,665 [WARN] DbFile:41 - Overriding database path with different value: C:\Users\PANKAJA\.stmcufinder\plugins\mcufinder/ => C:\Users\PANKAJA\.stmcufinder\plugins\mcufinder
2025-04-26 00:37:12,665 [INFO] CrossReferenceDbSqlite:203 - Set database path to: C:\Users\PANKAJA\.stmcufinder\plugins\mcufinder//mcu/cs/
2025-04-26 00:37:12,722 [INFO] MainPanel:272 - HeapMemory: 268435456
2025-04-26 00:37:12,803 [INFO] DbMcusXml:78 - Set database path to: C:\ST\STM32CubeIDE_1.15.1\STM32CubeIDE\plugins\com.st.stm32cube.common.mx_6.14.0.202502271554\\db\/mcu/
2025-04-26 00:37:12,804 [INFO] ApiDb:274 - Set plugin database path to: C:\ST\STM32CubeIDE_1.15.1\STM32CubeIDE\plugins\com.st.stm32cube.common.mx_6.14.0.202502271554\\db\/plugins/boardmanager/
2025-04-26 00:37:12,804 [INFO] ApiDb:261 - Set plugin images path to: C:\ST\STM32CubeIDE_1.15.1\STM32CubeIDE\plugins\com.st.stm32cube.common.mx_6.14.0.202502271554\\db\/plugins/mcufinder/images/
2025-04-26 00:37:12,804 [WARN] DbFile:41 - Overriding database path with different value: C:\Users\PANKAJA\.stmcufinder\plugins\mcufinder/ => C:\Users\PANKAJA\.stmcufinder\plugins\mcufinder
2025-04-26 00:37:12,804 [INFO] ApiDb:250 - Set database path to: C:\Users\PANKAJA\.stmcufinder\plugins\mcufinder//mcu/
2025-04-26 00:37:12,804 [WARN] DbFile:41 - Overriding database path with different value: C:\Users\PANKAJA\.stmcufinder\plugins\mcufinder/ => C:\Users\PANKAJA\.stmcufinder\plugins\mcufinder
2025-04-26 00:37:12,804 [INFO] DbMcusAds:125 - Set database path to: C:\Users\PANKAJA\.stmcufinder\plugins\mcufinder//mcu/
2025-04-26 00:37:12,804 [WARN] DbFile:41 - Overriding database path with different value: C:\Users\PANKAJA\.stmcufinder\plugins\mcufinder/ => C:\Users\PANKAJA\.stmcufinder\plugins\mcufinder
2025-04-26 00:37:12,804 [WARN] DbFile:41 - Overriding database path with different value: C:\Users\PANKAJA\.stmcufinder\plugins\mcufinder/ => C:\Users\PANKAJA\.stmcufinder\plugins\mcufinder
2025-04-26 00:37:12,804 [INFO] CrossReferenceDbSqlite:203 - Set database path to: C:\Users\PANKAJA\.stmcufinder\plugins\mcufinder//mcu/cs/
2025-04-26 00:37:12,819 [INFO] ApplicationProperties:184 - Using Application install path: C:\ST\STM32CubeIDE_1.15.1\STM32CubeIDE\plugins\com.st.stm32cube.common.mx_6.14.0.202502271554
2025-04-26 00:37:12,821 [INFO] PluginManage:196 - Search for loadable plugins [exclusion list=, ]
2025-04-26 00:37:12,824 [INFO] PluginManage:310 - Check plugin analytics
2025-04-26 00:37:12,939 [INFO] AnalyticsPlugin:253 - Accepted Software Licenses: STM32CubeMX.6.11.1
2025-04-26 00:37:12,939 [INFO] AnalyticsPlugin:255 - Accepted CMSIS Pack Licenses: STMicroelectronics.X-CUBE-AI.9.0.0,STMicroelectronics.X-CUBE-AI.8.1.0
2025-04-26 00:37:12,940 [INFO] AnalyticsPlugin:257 - Accepted Firmware Licenses: FW.F4.1.28.0
2025-04-26 00:37:12,941 [INFO] PluginManage:359 - Loaded plugin analytics (category:tool,tabindex:-1)
2025-04-26 00:37:12,942 [INFO] PluginManage:310 - Check plugin cadmodel
2025-04-26 00:37:12,946 [INFO] CADModel:105 - Init CAD model plugin
2025-04-26 00:37:12,946 [INFO] PluginManage:359 - Loaded plugin cadmodel (category:power,tabindex:5)
2025-04-26 00:37:12,946 [INFO] PluginManage:310 - Check plugin clock
2025-04-26 00:37:12,951 [INFO] PluginManage:359 - Loaded plugin clock (category:base,tabindex:2)
2025-04-26 00:37:12,951 [INFO] PluginManage:310 - Check plugin ddr
2025-04-26 00:37:12,953 [INFO] PluginManage:359 - Loaded plugin ddr (category:tool,tabindex:6)
2025-04-26 00:37:12,953 [INFO] PluginManage:310 - Check plugin filemanager
2025-04-26 00:37:13,051 [INFO] PluginManage:359 - Loaded plugin filemanager (category:base,tabindex:10)
2025-04-26 00:37:13,051 [INFO] PluginManage:310 - Check plugin ipmanager
2025-04-26 00:37:13,055 [INFO] PluginManage:359 - Loaded plugin ipmanager (category:base,tabindex:5)
2025-04-26 00:37:13,055 [INFO] PluginManage:310 - Check plugin lpbam
2025-04-26 00:37:13,075 [INFO] PluginManage:359 - Loaded plugin lpbam (category:base,tabindex:0)
2025-04-26 00:37:13,075 [INFO] PluginManage:310 - Check plugin memorymap
2025-04-26 00:37:13,087 [INFO] PluginManage:359 - Loaded plugin memorymap (category:base,tabindex:4)
2025-04-26 00:37:13,087 [INFO] PluginManage:310 - Check plugin pinoutandconfiguration
2025-04-26 00:37:13,093 [INFO] PluginManage:359 - Loaded plugin pinoutandconfiguration (category:base,tabindex:1)
2025-04-26 00:37:13,093 [INFO] PluginManage:310 - Check plugin pinoutconfig
2025-04-26 00:37:13,161 [WARN] SupportedApi:132 - Cannot load RTOS API schema: s4s-elt-must-match.1: The content of 'definitions' must match (annotation?, (simpleType | complexType)?, (unique | key | keyref)*)). A problem was found starting at: attribute.
2025-04-26 00:37:13,253 [INFO] PluginManage:359 - Loaded plugin pinoutconfig (category:base,tabindex:0)
2025-04-26 00:37:13,254 [INFO] PluginManage:310 - Check plugin power
2025-04-26 00:37:13,259 [INFO] PluginManage:359 - Loaded plugin power (category:power,tabindex:4)
2025-04-26 00:37:13,259 [INFO] PluginManage:310 - Check plugin projectmanager
2025-04-26 00:37:13,272 [INFO] PluginManage:359 - Loaded plugin projectmanager (category:projectmanager,tabindex:4)
2025-04-26 00:37:13,272 [INFO] PluginManage:310 - Check plugin rif
2025-04-26 00:37:13,278 [INFO] PluginManage:359 - Loaded plugin rif (category:base,tabindex:3)
2025-04-26 00:37:13,278 [INFO] PluginManage:310 - Check plugin thirdparty
2025-04-26 00:37:13,373 [INFO] PluginManage:359 - Loaded plugin thirdparty (category:base,tabindex:-1)
2025-04-26 00:37:13,374 [INFO] PluginManage:310 - Check plugin tools
2025-04-26 00:37:13,373 [WARN] IntegrityCheckThread:84 - waiting for thirdparty lock release [integrity check]
2025-04-26 00:37:13,374 [INFO] IntegrityCheckThread:86 - entering critical section [integrity check]
2025-04-26 00:37:13,375 [INFO] ThirdPartyUpdaterWithRetryManager:70 - Updater plugin not ready yet. [1/15]
2025-04-26 00:37:13,376 [INFO] PluginManage:359 - Loaded plugin tools (category:base,tabindex:7)
2025-04-26 00:37:13,376 [INFO] PluginManage:310 - Check plugin tutovideos
2025-04-26 00:37:13,501 [INFO] PluginManage:359 - Loaded plugin tutovideos (category:base,tabindex:-1)
2025-04-26 00:37:13,501 [INFO] PluginManage:310 - Check plugin updater
2025-04-26 00:37:13,517 [INFO] PluginManage:359 - Loaded plugin updater (category:base,tabindex:12)
2025-04-26 00:37:13,517 [INFO] PluginManage:310 - Check plugin userauth
2025-04-26 00:37:13,520 [INFO] UserAuth:118 - Init User Auth plugin
2025-04-26 00:37:13,521 [INFO] PluginManage:359 - Loaded plugin userauth (category:base,tabindex:14)
2025-04-26 00:37:13,522 [INFO] PluginManage:283 - PluginManage : Loaded plugins [18]
2025-04-26 00:37:13,678 [INFO] PinOutPanel:1589 - setPackage(No Configuration,No Configuration)
2025-04-26 00:37:13,745 [INFO] CADModel:165 - CPN selected for project level
2025-04-26 00:37:13,745 [INFO] CADModel:114 - Register for checkConnection events
2025-04-26 00:37:13,757 [INFO] IPUIPlugin:80 - create IPUIPlugin
2025-04-26 00:37:13,757 [INFO] PluginManager:220 - loadIPPluginJar : add adc
2025-04-26 00:37:13,759 [INFO] IPUIPlugin:80 - create IPUIPlugin
2025-04-26 00:37:13,759 [INFO] PluginManager:220 - loadIPPluginJar : add aes
2025-04-26 00:37:13,760 [INFO] IPUIPlugin:80 - create IPUIPlugin
2025-04-26 00:37:13,761 [INFO] PluginManager:220 - loadIPPluginJar : add can
2025-04-26 00:37:13,762 [INFO] IPUIPlugin:80 - create IPUIPlugin
2025-04-26 00:37:13,762 [INFO] PluginManager:220 - loadIPPluginJar : add comp
2025-04-26 00:37:13,763 [INFO] IPUIPlugin:80 - create IPUIPlugin
2025-04-26 00:37:13,763 [INFO] PluginManager:220 - loadIPPluginJar : add cryp
2025-04-26 00:37:13,766 [INFO] IPUIPlugin:80 - create IPUIPlugin
2025-04-26 00:37:13,766 [INFO] PluginManager:220 - loadIPPluginJar : add ddr_ctrl_phy
2025-04-26 00:37:13,767 [INFO] IPUIPlugin:80 - create IPUIPlugin
2025-04-26 00:37:13,767 [INFO] PluginManager:220 - loadIPPluginJar : add dfsdm
2025-04-26 00:37:13,771 [INFO] IPUIPlugin:80 - create IPUIPlugin
2025-04-26 00:37:13,771 [INFO] PluginManager:220 - loadIPPluginJar : add dma
2025-04-26 00:37:13,773 [INFO] IPUIPlugin:80 - create IPUIPlugin
2025-04-26 00:37:13,773 [INFO] PluginManager:220 - loadIPPluginJar : add dma3
2025-04-26 00:37:13,774 [INFO] IPUIPlugin:80 - create IPUIPlugin
2025-04-26 00:37:13,775 [INFO] PluginManager:220 - loadIPPluginJar : add extmemmanager
2025-04-26 00:37:13,775 [INFO] IPUIPlugin:80 - create IPUIPlugin
2025-04-26 00:37:13,775 [INFO] PluginManager:220 - loadIPPluginJar : add fatfs
2025-04-26 00:37:13,779 [INFO] IPUIPlugin:80 - create IPUIPlugin
2025-04-26 00:37:13,779 [INFO] PluginManager:220 - loadIPPluginJar : add fmc
2025-04-26 00:37:13,782 [INFO] IPUIPlugin:80 - create IPUIPlugin
2025-04-26 00:37:13,783 [INFO] PluginManager:220 - loadIPPluginJar : add freertos
2025-04-26 00:37:13,783 [INFO] IPUIPlugin:80 - create IPUIPlugin
2025-04-26 00:37:13,783 [INFO] PluginManager:220 - loadIPPluginJar : add genericplugin
2025-04-26 00:37:13,785 [INFO] IPUIPlugin:80 - create IPUIPlugin
2025-04-26 00:37:13,785 [INFO] PluginManager:220 - loadIPPluginJar : add gfxmmu
2025-04-26 00:37:13,788 [INFO] IPUIPlugin:80 - create IPUIPlugin
2025-04-26 00:37:13,788 [INFO] PluginManager:220 - loadIPPluginJar : add gic
2025-04-26 00:37:13,790 [INFO] IPUIPlugin:80 - create IPUIPlugin
2025-04-26 00:37:13,790 [INFO] PluginManager:220 - loadIPPluginJar : add gpio
2025-04-26 00:37:13,792 [INFO] IPUIPlugin:80 - create IPUIPlugin
2025-04-26 00:37:13,792 [INFO] PluginManager:220 - loadIPPluginJar : add gtzc
2025-04-26 00:37:13,793 [INFO] IPUIPlugin:80 - create IPUIPlugin
2025-04-26 00:37:13,793 [INFO] PluginManager:220 - loadIPPluginJar : add hash
2025-04-26 00:37:13,795 [INFO] IPUIPlugin:80 - create IPUIPlugin
2025-04-26 00:37:13,795 [INFO] PluginManager:220 - loadIPPluginJar : add i2c
2025-04-26 00:37:13,796 [INFO] IPUIPlugin:80 - create IPUIPlugin
2025-04-26 00:37:13,796 [INFO] PluginManager:220 - loadIPPluginJar : add i2s
2025-04-26 00:37:13,798 [INFO] IPUIPlugin:80 - create IPUIPlugin
2025-04-26 00:37:13,798 [INFO] PluginManager:220 - loadIPPluginJar : add i3c
2025-04-26 00:37:13,801 [INFO] IPUIPlugin:80 - create IPUIPlugin
2025-04-26 00:37:13,801 [INFO] PluginManager:220 - loadIPPluginJar : add ipddr
2025-04-26 00:37:13,807 [INFO] IPUIPlugin:80 - create IPUIPlugin
2025-04-26 00:37:13,808 [INFO] PluginManager:220 - loadIPPluginJar : add linkedlist
2025-04-26 00:37:13,810 [INFO] IPUIPlugin:80 - create IPUIPlugin
2025-04-26 00:37:13,810 [INFO] PluginManager:220 - loadIPPluginJar : add lorawan
2025-04-26 00:37:13,811 [INFO] IPUIPlugin:80 - create IPUIPlugin
2025-04-26 00:37:13,811 [INFO] PluginManager:220 - loadIPPluginJar : add ltdc
2025-04-26 00:37:13,815 [INFO] IPUIPlugin:80 - create IPUIPlugin
2025-04-26 00:37:13,815 [INFO] PluginManager:220 - loadIPPluginJar : add mdma
2025-04-26 00:37:13,817 [INFO] IPUIPlugin:80 - create IPUIPlugin
2025-04-26 00:37:13,817 [INFO] PluginManager:220 - loadIPPluginJar : add nvic
2025-04-26 00:37:13,819 [INFO] IPUIPlugin:80 - create IPUIPlugin
2025-04-26 00:37:13,819 [INFO] PluginManager:220 - loadIPPluginJar : add opamp
2025-04-26 00:37:13,821 [INFO] IPUIPlugin:80 - create IPUIPlugin
2025-04-26 00:37:13,821 [INFO] PluginManager:220 - loadIPPluginJar : add openamp
2025-04-26 00:37:13,823 [INFO] IPUIPlugin:80 - create IPUIPlugin
2025-04-26 00:37:13,823 [INFO] PluginManager:220 - loadIPPluginJar : add pdm2pcm
2025-04-26 00:37:13,827 [INFO] IPUIPlugin:80 - create IPUIPlugin
2025-04-26 00:37:13,828 [INFO] PluginManager:220 - loadIPPluginJar : add plateformsettings
2025-04-26 00:37:13,829 [INFO] IPUIPlugin:80 - create IPUIPlugin
2025-04-26 00:37:13,829 [INFO] PluginManager:220 - loadIPPluginJar : add quadspi
2025-04-26 00:37:13,830 [INFO] IPUIPlugin:80 - create IPUIPlugin
2025-04-26 00:37:13,831 [INFO] PluginManager:220 - loadIPPluginJar : add radio
2025-04-26 00:37:13,832 [INFO] IPUIPlugin:80 - create IPUIPlugin
2025-04-26 00:37:13,832 [INFO] PluginManager:220 - loadIPPluginJar : add resmgrutility
2025-04-26 00:37:13,834 [INFO] IPUIPlugin:80 - create IPUIPlugin
2025-04-26 00:37:13,834 [INFO] PluginManager:220 - loadIPPluginJar : add sai
2025-04-26 00:37:13,836 [INFO] IPUIPlugin:80 - create IPUIPlugin
2025-04-26 00:37:13,836 [INFO] PluginManager:220 - loadIPPluginJar : add spi
2025-04-26 00:37:13,840 [INFO] IPUIPlugin:80 - create IPUIPlugin
2025-04-26 00:37:13,840 [INFO] PluginManager:220 - loadIPPluginJar : add stm32_wpan
2025-04-26 00:37:13,841 [INFO] IPUIPlugin:80 - create IPUIPlugin
2025-04-26 00:37:13,841 [INFO] PluginManager:220 - loadIPPluginJar : add tim
2025-04-26 00:37:13,843 [INFO] IPUIPlugin:80 - create IPUIPlugin
2025-04-26 00:37:13,843 [INFO] PluginManager:220 - loadIPPluginJar : add touchsensing
2025-04-26 00:37:13,844 [INFO] IPUIPlugin:80 - create IPUIPlugin
2025-04-26 00:37:13,844 [INFO] PluginManager:220 - loadIPPluginJar : add tracer_emb
2025-04-26 00:37:13,845 [INFO] IPUIPlugin:80 - create IPUIPlugin
2025-04-26 00:37:13,845 [INFO] PluginManager:220 - loadIPPluginJar : add ts
2025-04-26 00:37:13,846 [INFO] IPUIPlugin:80 - create IPUIPlugin
2025-04-26 00:37:13,846 [INFO] PluginManager:220 - loadIPPluginJar : add tsc
2025-04-26 00:37:13,847 [INFO] IPUIPlugin:80 - create IPUIPlugin
2025-04-26 00:37:13,847 [INFO] PluginManager:220 - loadIPPluginJar : add ucpd
2025-04-26 00:37:13,849 [INFO] IPUIPlugin:80 - create IPUIPlugin
2025-04-26 00:37:13,849 [INFO] PluginManager:220 - loadIPPluginJar : add usart
2025-04-26 00:37:13,851 [INFO] IPUIPlugin:80 - create IPUIPlugin
2025-04-26 00:37:13,851 [INFO] PluginManager:220 - loadIPPluginJar : add usbx
2025-04-26 00:37:13,956 [FATAL] Updater:351 - Updater called before beeing initialized
2025-04-26 00:37:13,984 [INFO] RulesReader:64 - Compatibility file has been processed (301 Rules)
2025-04-26 00:37:13,994 [INFO] RulesReader:64 - Compatibility file has been processed (301 Rules)
2025-04-26 00:37:14,004 [INFO] CADModel:165 - CPN selected for project level
2025-04-26 00:37:14,004 [INFO] CADModel:114 - Register for checkConnection events
2025-04-26 00:37:14,004 [FATAL] Updater:351 - Updater called before beeing initialized
2025-04-26 00:37:14,004 [ERROR] CADModel:125 - Updater not yet initialized, retry later 
2025-04-26 00:37:14,112 [FATAL] Updater:351 - Updater called before beeing initialized
2025-04-26 00:37:14,114 [INFO] CADModel:165 - CPN selected for project level
2025-04-26 00:37:14,114 [INFO] CADModel:114 - Register for checkConnection events
2025-04-26 00:37:14,114 [FATAL] Updater:351 - Updater called before beeing initialized
2025-04-26 00:37:14,114 [ERROR] CADModel:125 - Updater not yet initialized, retry later 
2025-04-26 00:37:14,116 [FATAL] Updater:351 - Updater called before beeing initialized
2025-04-26 00:37:14,189 [FATAL] Updater:351 - Updater called before beeing initialized
2025-04-26 00:37:14,192 [INFO] DbMcusAds:53 - JSON generation date=Thu Mar 06 20:24:22 IST 2025 (1741272862078)
2025-04-26 00:37:14,192 [FATAL] Updater:351 - Updater called before beeing initialized
2025-04-26 00:37:14,218 [WARN] DetailPanel:346 - Failed to get advertising image, set to default
2025-04-26 00:37:14,390 [FATAL] Updater:351 - Updater called before beeing initialized
2025-04-26 00:37:14,392 [FATAL] Updater:351 - Updater called before beeing initialized
2025-04-26 00:37:14,392 [FATAL] Updater:351 - Updater called before beeing initialized
2025-04-26 00:37:14,392 [WARN] DetailPanel:346 - Failed to get advertising image, set to default
2025-04-26 00:37:14,392 [FATAL] Updater:351 - Updater called before beeing initialized
2025-04-26 00:37:14,420 [ERROR] Updater:1198 - MainUpdater not yet initialized. External WinMGr cannot be set.
2025-04-26 00:37:14,421 [INFO] Updater:1134 - Updater Version found : 6.14.0
2025-04-26 00:37:14,437 [INFO] ApplicationProperties:184 - Using Application install path: C:\ST\STM32CubeIDE_1.15.1\STM32CubeIDE\plugins\com.st.stm32cube.common.mx_6.14.0.202502271554
2025-04-26 00:37:14,972 [INFO] MainUpdater:2872 - connection check result : 10
2025-04-26 00:37:14,973 [INFO] MainUpdater:289 - Updater Check For Update Now.
2025-04-26 00:37:14,973 [INFO] MicroXplorer:498 - Change Database Version : DB.6.0.140
2025-04-26 00:37:14,989 [INFO] McuFinderGlobals:63 - Set McuFinder mode to 2 (CubeIDE integrated)
2025-04-26 00:37:14,990 [INFO] UserAuth:486 - Internet connection configuration mode: 1
2025-04-26 00:37:15,021 [INFO] JxBrowserEngine:152 - Initiate JxBrowser Engine with user profile folder
2025-04-26 00:37:15,141 [INFO] CheckServerUpdateThread:120 - End of CheckServer Thread
2025-04-26 00:37:15,823 [INFO] WebApp:169 - Instantiating new browser for Auth
2025-04-26 00:37:16,537 [INFO] WebApp:463 - Apply proxy settings
2025-04-26 00:37:16,537 [INFO] WebApp:548 - Chromium requires no authentication
2025-04-26 00:37:16,546 [INFO] WebApp:491 - Direct internet connection detected
2025-04-26 00:37:16,573 [INFO] WebApp:894 - Register for checkConnection events
2025-04-26 00:37:16,573 [INFO] WebApp:463 - Apply proxy settings
2025-04-26 00:37:16,573 [INFO] WebApp:548 - Chromium requires no authentication
2025-04-26 00:37:16,574 [INFO] WebApp:491 - Direct internet connection detected
2025-04-26 00:37:16,642 [WARN] PackLoader:240 - Cannot read IP mode file for STMicroelectronics.FP-SNS-MOTENVWB1.1.4.0
2025-04-26 00:37:16,650 [WARN] PackLoader:240 - Cannot read IP mode file for STMicroelectronics.FP-ATR-ASTRA1.2.0.2
2025-04-26 00:37:16,654 [WARN] PackLoader:240 - Cannot read IP mode file for STMicroelectronics.FP-ATR-ASTRA1.2.0.1
2025-04-26 00:37:16,666 [WARN] PackLoader:240 - Cannot read IP mode file for STMicroelectronics.X-CUBE-SMBUS.2.1.0
2025-04-26 00:37:16,673 [WARN] PackLoader:240 - Cannot read IP mode file for STMicroelectronics.X-CUBE-WB05N.1.1.0
2025-04-26 00:37:16,678 [WARN] PackLoader:240 - Cannot read IP mode file for STMicroelectronics.X-CUBE-TOUCHGFX.4.23.2
2025-04-26 00:37:16,701 [WARN] PackLoader:240 - Cannot read IP mode file for STMicroelectronics.X-CUBE-AZRTOS-F7.1.1.0
2025-04-26 00:37:16,745 [WARN] PackLoader:240 - Cannot read IP mode file for STMicroelectronics.X-CUBE-MEMS1.11.0.0
2025-04-26 00:37:16,826 [INFO] WebApp:191 - Connection restablished
2025-04-26 00:37:16,852 [WARN] PackLoader:240 - Cannot read IP mode file for STMicroelectronics.FP-SNS-FLIGHT1.5.0.2
2025-04-26 00:37:16,861 [WARN] PackLoader:240 - Cannot read IP mode file for STMicroelectronics.X-CUBE-DISPLAY.3.0.0
2025-04-26 00:37:16,868 [WARN] PackLoader:240 - Cannot read IP mode file for STMicroelectronics.X-CUBE-BLE1.7.0.0
2025-04-26 00:37:16,874 [WARN] PackLoader:240 - Cannot read IP mode file for STMicroelectronics.X-CUBE-NFC10.1.0.0
2025-04-26 00:37:16,882 [WARN] PackLoader:240 - Cannot read IP mode file for STMicroelectronics.X-CUBE-BLEMGR.4.0.0
2025-04-26 00:37:16,887 [WARN] PackLoader:240 - Cannot read IP mode file for emotas.I-CUBE-CANOPEN.1.3.0
2025-04-26 00:37:16,893 [WARN] PackLoader:240 - Cannot read IP mode file for STMicroelectronics.X-CUBE-BLEMGR.3.1.0
2025-04-26 00:37:16,898 [WARN] PackLoader:240 - Cannot read IP mode file for STMicroelectronics.X-CUBE-AI.10.0.0
2025-04-26 00:37:16,902 [WARN] PackLoader:240 - Cannot read IP mode file for STMicroelectronics.FP-SNS-SMARTAG2.1.2.0
2025-04-26 00:37:16,905 [WARN] PackLoader:240 - Cannot read IP mode file for STMicroelectronics.FP-SNS-FLIGHT1.5.1.0
2025-04-26 00:37:16,938 [WARN] PackLoader:240 - Cannot read IP mode file for STMicroelectronics.X-CUBE-MEMS1.11.1.0
2025-04-26 00:37:17,040 [INFO] LogOutputStream:77 - [STDOUT_REDIRECT] 1 : Invalid condition id : UX_CORESTACK_Condition cause : null
2025-04-26 00:37:17,042 [INFO] LogOutputStream:77 - [STDOUT_REDIRECT] 1 : Invalid condition id : UX_CORESTACK_Condition cause : null
2025-04-26 00:37:17,044 [INFO] LogOutputStream:77 - [STDOUT_REDIRECT] 1 : Invalid condition id : UX_CORESTACK_Condition cause : null
2025-04-26 00:37:17,046 [INFO] LogOutputStream:77 - [STDOUT_REDIRECT] 1 : Invalid condition id : UX_CORESTACK_Condition cause : null
2025-04-26 00:37:17,049 [INFO] LogOutputStream:77 - [STDOUT_REDIRECT] 1 : Invalid condition id : UX_CORESTACK_Condition cause : null
2025-04-26 00:37:17,052 [WARN] PackLoader:240 - Cannot read IP mode file for STMicroelectronics.X-CUBE-AZRTOS-WL.2.0.0
2025-04-26 00:37:17,091 [WARN] PackLoader:240 - Cannot read IP mode file for STMicroelectronics.FP-SNS-MOTENV1.5.0.0
2025-04-26 00:37:17,099 [WARN] PackLoader:240 - Cannot read IP mode file for wolfSSL.I-CUBE-wolfMQTT.1.19.0
2025-04-26 00:37:17,115 [WARN] PackLoader:240 - Cannot read IP mode file for WES.I-CUBE-Cesium.1.3.0
2025-04-26 00:37:17,120 [WARN] PackLoader:240 - Cannot read IP mode file for STMicroelectronics.X-CUBE-BLE2.3.3.0
2025-04-26 00:37:17,126 [WARN] PackLoader:240 - Cannot read IP mode file for STMicroelectronics.X-CUBE-NFC9.1.0.0
2025-04-26 00:37:17,131 [WARN] PackLoader:240 - Cannot read IP mode file for STMicroelectronics.X-CUBE-BLE1.7.1.0
2025-04-26 00:37:17,137 [WARN] PackLoader:240 - Cannot read IP mode file for STMicroelectronics.X-CUBE-TCPP.4.1.0
2025-04-26 00:37:17,167 [WARN] PackLoader:240 - Cannot read IP mode file for STMicroelectronics.X-CUBE-MEMS1.11.2.0
2025-04-26 00:37:17,239 [WARN] PackLoader:240 - Cannot read IP mode file for STMicroelectronics.X-CUBE-AZRTOS-G0.1.1.0
2025-04-26 00:37:17,245 [WARN] PackLoader:240 - Cannot read IP mode file for STMicroelectronics.X-CUBE-SAFEA1.1.2.2
2025-04-26 00:37:17,250 [WARN] PackLoader:240 - Cannot read IP mode file for STMicroelectronics.X-CUBE-NFC4.3.0.0
2025-04-26 00:37:17,258 [WARN] PackLoader:240 - Cannot read IP mode file for EmbeddedOffice.I-CUBE-FS-RTOS.1.0.1
2025-04-26 00:37:17,261 [WARN] PackLoader:240 - Cannot read IP mode file for STMicroelectronics.X-CUBE-WB05N.2.0.0
2025-04-26 00:37:17,266 [WARN] PackLoader:240 - Cannot read IP mode file for STMicroelectronics.X-CUBE-TCPP.4.2.0
2025-04-26 00:37:17,270 [WARN] PackLoader:240 - Cannot read IP mode file for RealThread.X-CUBE-RT-Thread_Nano.4.1.1
2025-04-26 00:37:17,274 [WARN] PackLoader:240 - Cannot read IP mode file for wolfSSL.I-CUBE-wolfSSL.5.7.0
2025-04-26 00:37:17,278 [WARN] PackLoader:240 - Cannot read IP mode file for STMicroelectronics.FP-ATR-SIGFOX1.3.2.0
2025-04-26 00:37:17,281 [WARN] ConditionMgr:438 - getConditionDescription Invalid condition id : Cortex-A Device cause : null
2025-04-26 00:37:17,299 [WARN] ConditionMgr:1044 - genDependencies : Invalid condition id : Cortex-A Device cause : null
2025-04-26 00:37:17,299 [WARN] ConditionMgr:1044 - genDependencies : Invalid condition id : Cortex-A Device cause : null
2025-04-26 00:37:17,299 [WARN] ConditionMgr:1044 - genDependencies : Invalid condition id : Cortex-A Device cause : null
2025-04-26 00:37:17,304 [WARN] PackLoader:240 - Cannot read IP mode file for STMicroelectronics.X-CUBE-EEPRMA1.5.1.0
2025-04-26 00:37:17,310 [WARN] PackLoader:240 - Cannot read IP mode file for ITTIA_DB.I-CUBE-ITTIADB.8.9.0
2025-04-26 00:37:17,332 [WARN] PackLoader:240 - Cannot read IP mode file for SEGGER.I-CUBE-embOS.1.3.1
2025-04-26 00:37:17,358 [WARN] PackLoader:240 - Cannot read IP mode file for STMicroelectronics.X-CUBE-ALGOBUILD.1.4.0
2025-04-26 00:37:17,361 [WARN] PackLoader:240 - Cannot read IP mode file for STMicroelectronics.X-CUBE-AI.9.1.0
2025-04-26 00:37:17,364 [WARN] PackLoader:240 - Cannot read IP mode file for STMicroelectronics.X-CUBE-GNSS1.6.0.0
2025-04-26 00:37:17,373 [WARN] PackLoader:240 - Cannot read IP mode file for STMicroelectronics.X-CUBE-AZRTOS-F4.1.1.0
2025-04-26 00:37:17,378 [WARN] PackLoader:240 - Cannot read IP mode file for Avnet-IotConnect.X-CUBE-IoTC-DA16k-PMOD.1.0.0
2025-04-26 00:37:17,382 [WARN] PackLoader:240 - Cannot read IP mode file for STMicroelectronics.X-CUBE-ISPU.2.1.0
2025-04-26 00:37:17,386 [WARN] PackLoader:240 - Cannot read IP mode file for STMicroelectronics.X-CUBE-FREERTOS.1.2.0
2025-04-26 00:37:17,395 [WARN] PackLoader:240 - Cannot read IP mode file for STMicroelectronics.X-CUBE-AZRTOS-L5.2.0.0
2025-04-26 00:37:17,401 [WARN] PackLoader:240 - Cannot read IP mode file for STMicroelectronics.X-CUBE-NFC6.3.1.0
2025-04-26 00:37:17,407 [WARN] PackLoader:240 - Cannot read IP mode file for STMicroelectronics.X-CUBE-DPower.1.2.0
2025-04-26 00:37:17,412 [WARN] PackLoader:240 - Cannot read IP mode file for STMicroelectronics.X-CUBE-AI.9.0.0
2025-04-26 00:37:17,493 [WARN] PackLoader:240 - Cannot read IP mode file for STMicroelectronics.X-CUBE-FREERTOS.1.3.0
2025-04-26 00:37:17,496 [WARN] PackLoader:240 - Cannot read IP mode file for STMicroelectronics.X-CUBE-NFC7.1.0.1
2025-04-26 00:37:17,499 [WARN] PackLoader:240 - Cannot read IP mode file for wolfSSL.I-CUBE-wolfTPM.3.2.0
2025-04-26 00:37:17,502 [WARN] PackLoader:240 - Cannot read IP mode file for STMicroelectronics.X-CUBE-DPower.1.3.0
2025-04-26 00:37:17,507 [WARN] PackLoader:240 - Cannot read IP mode file for STMicroelectronics.X-CUBE-AI.8.1.0
2025-04-26 00:37:17,541 [WARN] ConditionMgr:438 - getConditionDescription Invalid condition id : LAN8742 Phy interface Condition cause : null
2025-04-26 00:37:17,541 [WARN] PackLoader:240 - Cannot read IP mode file for STMicroelectronics.X-CUBE-AZRTOS-L4.2.0.0
2025-04-26 00:37:17,542 [WARN] ConditionMgr:1044 - genDependencies : Invalid condition id : LAN8742 Phy interface Condition cause : null
2025-04-26 00:37:17,542 [WARN] ConditionMgr:1044 - genDependencies : Invalid condition id : LAN8742 Phy interface Condition cause : null
2025-04-26 00:37:17,542 [WARN] ConditionMgr:1044 - genDependencies : Invalid condition id : LAN8742 Phy interface Condition cause : null
2025-04-26 00:37:17,548 [WARN] PackLoader:240 - Cannot read IP mode file for STMicroelectronics.X-CUBE-SFXS2LP1.4.0.0
2025-04-26 00:37:17,559 [WARN] PackLoader:240 - Cannot read IP mode file for STMicroelectronics.X-CUBE-AZRTOS-H7.3.3.0
2025-04-26 00:37:17,576 [WARN] PackLoader:240 - Cannot read IP mode file for STMicroelectronics.X-CUBE-IPS.3.0.0
2025-04-26 00:37:17,593 [WARN] ConditionMgr:438 - getConditionDescription Invalid condition id : UX DEVICE CLASS RTOS Condition cause : null
2025-04-26 00:37:17,594 [WARN] ConditionMgr:438 - getConditionDescription Invalid condition id : UX DEVICE CLASS RTOS Condition cause : null
2025-04-26 00:37:17,596 [WARN] PackLoader:240 - Cannot read IP mode file for STMicroelectronics.X-CUBE-AZRTOS-WB.2.0.0
2025-04-26 00:37:17,597 [WARN] ConditionMgr:1044 - genDependencies : Invalid condition id : UX DEVICE CLASS RTOS Condition cause : null
2025-04-26 00:37:17,597 [WARN] ConditionMgr:1044 - genDependencies : Invalid condition id : UX DEVICE CLASS RTOS Condition cause : null
2025-04-26 00:37:17,597 [WARN] ConditionMgr:1044 - genDependencies : Invalid condition id : UX DEVICE CLASS RTOS Condition cause : null
2025-04-26 00:37:17,598 [WARN] ConditionMgr:1044 - genDependencies : Invalid condition id : UX DEVICE CLASS RTOS Condition cause : null
2025-04-26 00:37:17,598 [WARN] ConditionMgr:1044 - genDependencies : Invalid condition id : UX DEVICE CLASS RTOS Condition cause : null
2025-04-26 00:37:17,617 [WARN] PackLoader:240 - Cannot read IP mode file for STMicroelectronics.X-CUBE-GNSS1.7.0.0
2025-04-26 00:37:17,623 [WARN] PackLoader:240 - Cannot read IP mode file for STMicroelectronics.X-CUBE-GNSS1.7.0.1
2025-04-26 00:37:17,628 [WARN] PackLoader:240 - Cannot read IP mode file for STMicroelectronics.X-CUBE-TOUCHGFX.4.25.0
2025-04-26 00:37:17,634 [WARN] PackLoader:240 - Cannot read IP mode file for STMicroelectronics.FP-SNS-STBOX1.2.0.0
2025-04-26 00:37:17,641 [WARN] PackLoader:240 - Cannot read IP mode file for STMicroelectronics.X-CUBE-SUBG2.5.0.0
2025-04-26 00:37:17,654 [WARN] PackLoader:240 - Cannot read IP mode file for STMicroelectronics.X-CUBE-AZRTOS-H7RS.1.1.0
2025-04-26 00:37:17,659 [WARN] PackLoader:240 - Cannot read IP mode file for Cesanta.I-CUBE-Mongoose.7.13.0
2025-04-26 00:37:17,668 [WARN] PackLoader:240 - Cannot read IP mode file for STMicroelectronics.X-CUBE-AZRTOS-G4.2.0.0
2025-04-26 00:37:17,672 [WARN] PackLoader:240 - Cannot read IP mode file for STMicroelectronics.X-CUBE-ISPU.2.0.0
2025-04-26 00:37:17,679 [WARN] PackLoader:240 - Cannot read IP mode file for STMicroelectronics.X-CUBE-IPS.3.1.0
2025-04-26 00:37:17,686 [WARN] PackLoader:240 - Cannot read IP mode file for STMicroelectronics.X-CUBE-ALS.1.0.2
2025-04-26 00:37:17,710 [WARN] PackLoader:240 - Cannot read IP mode file for STMicroelectronics.X-CUBE-MEMS1.10.0.0
2025-04-26 00:37:17,752 [INFO] WebApp:225 - Starting web application
2025-04-26 00:37:17,752 [INFO] WebApp:593 - Web application path used C:\ST\STM32CubeIDE_1.15.1\STM32CubeIDE\plugins\com.st.stm32cube.common.mx_6.14.0.202502271554\db\plugins\mcufinder\reactClient1\index.html
2025-04-26 00:37:17,778 [WARN] PackLoader:240 - Cannot read IP mode file for STMicroelectronics.X-CUBE-TOUCHGFX.4.24.0
2025-04-26 00:37:17,780 [WARN] PackLoader:240 - Cannot read IP mode file for STMicroelectronics.X-CUBE-TOUCHGFX.4.24.2
2025-04-26 00:37:17,783 [WARN] PackLoader:240 - Cannot read IP mode file for STMicroelectronics.X-CUBE-TOUCHGFX.4.24.1
2025-04-26 00:37:17,787 [WARN] PackLoader:240 - Cannot read IP mode file for portGmbH.I-Cube-SoM-uGOAL.1.1.0
2025-04-26 00:37:17,795 [WARN] PackLoader:240 - Cannot read IP mode file for STMicroelectronics.X-CUBE-AZRTOS-H7RS.1.0.0
2025-04-26 00:37:17,801 [WARN] PackLoader:240 - Cannot read IP mode file for STMicroelectronics.FP-ATR-ASTRA1.2.0.0
2025-04-26 00:37:17,808 [WARN] PackLoader:240 - Cannot read IP mode file for STMicroelectronics.X-CUBE-TOF1.3.4.2
2025-04-26 00:37:17,818 [WARN] PackLoader:240 - Cannot read IP mode file for STMicroelectronics.X-CUBE-TOF1.3.4.3
2025-04-26 00:37:17,829 [WARN] PackLoader:240 - Cannot read IP mode file for STMicroelectronics.X-CUBE-TOF1.3.4.1
2025-04-26 00:37:17,852 [WARN] PackLoader:240 - Cannot read IP mode file for STMicroelectronics.X-CUBE-AZRTOS-H7.3.2.0
2025-04-26 00:37:17,861 [WARN] PackLoader:240 - Cannot read IP mode file for Infineon.AIROC-Wi-Fi-Bluetooth-STM32.1.6.0
2025-04-26 00:37:17,866 [WARN] PackLoader:240 - Cannot read IP mode file for wolfSSL.I-CUBE-wolfSSH.1.4.17
2025-04-26 00:37:17,866 [INFO] ThirdParty:978 - Integrity check success = true
2025-04-26 00:37:17,866 [INFO] IntegrityCheckThread:100 - exiting critical section [integrity check]
2025-04-26 00:37:17,866 [INFO] IntegrityCheckThread:103 - End integrity checks thread
2025-04-26 00:37:17,980 [INFO] UserAuth:486 - Internet connection configuration mode: 1
2025-04-26 00:37:23,757 [ERROR] LogOutputStream:75 - [STDERR_REDIRECT] 
