2025-04-26 11:08:31,245 [INFO] Activator:176 - 


2025-04-26 11:08:31,247 [INFO] Activator:177 - !SESSION log4j initialized
2025-04-26 11:08:33,340 [INFO] LogOutputStream:77 - [STDOUT_REDIRECT] 
2025-04-26 11:08:34,659 [INFO] ApplicationProperties:184 - Using Application install path: C:\ST\STM32CubeIDE_1.15.1\STM32CubeIDE\plugins\com.st.stm32cube.common.mx_6.14.0.202502271554
2025-04-26 11:08:34,669 [INFO] DbMcusXml:78 - Set database path to: C:\ST\STM32CubeIDE_1.15.1\STM32CubeIDE\plugins\com.st.stm32cube.common.mx_6.14.0.202502271554\\db\/mcu/
2025-04-26 11:08:34,669 [INFO] ApiDb:274 - Set plugin database path to: C:\ST\STM32CubeIDE_1.15.1\STM32CubeIDE\plugins\com.st.stm32cube.common.mx_6.14.0.202502271554\\db\/plugins/boardmanager/
2025-04-26 11:08:34,669 [WARN] ApiDb:259 - Overriding images path with different value:  => C:\ST\STM32CubeIDE_1.15.1\STM32CubeIDE\plugins\com.st.stm32cube.common.mx_6.14.0.202502271554\\db\/plugins/mcufinder/images/
2025-04-26 11:08:34,673 [INFO] ApiDb:250 - Set database path to: C:\Users\PANKAJA\.stmcufinder\plugins\mcufinder//mcu/
2025-04-26 11:08:34,674 [INFO] DbMcusAds:125 - Set database path to: C:\Users\PANKAJA\.stmcufinder\plugins\mcufinder//mcu/
2025-04-26 11:08:34,675 [INFO] CrossReferenceDbSqlite:203 - Set database path to: C:\Users\PANKAJA\.stmcufinder\plugins\mcufinder//mcu/cs/
2025-04-26 11:08:34,756 [INFO] RulesReader:64 - Compatibility file has been processed (301 Rules)
2025-04-26 11:08:34,819 [INFO] DbMcusXml:78 - Set database path to: C:\ST\STM32CubeIDE_1.15.1\STM32CubeIDE\plugins\com.st.stm32cube.common.mx_6.14.0.202502271554\\db\/mcu/
2025-04-26 11:08:34,819 [INFO] ApiDb:274 - Set plugin database path to: C:\ST\STM32CubeIDE_1.15.1\STM32CubeIDE\plugins\com.st.stm32cube.common.mx_6.14.0.202502271554\\db\/plugins/boardmanager/
2025-04-26 11:08:34,820 [INFO] ApiDb:261 - Set plugin images path to: C:\ST\STM32CubeIDE_1.15.1\STM32CubeIDE\plugins\com.st.stm32cube.common.mx_6.14.0.202502271554\\db\/plugins/mcufinder/images/
2025-04-26 11:08:34,820 [WARN] DbFile:41 - Overriding database path with different value: C:\Users\PANKAJA\.stmcufinder\plugins\mcufinder/ => C:\Users\PANKAJA\.stmcufinder\plugins\mcufinder
2025-04-26 11:08:34,820 [INFO] ApiDb:250 - Set database path to: C:\Users\PANKAJA\.stmcufinder\plugins\mcufinder//mcu/
2025-04-26 11:08:34,820 [WARN] DbFile:41 - Overriding database path with different value: C:\Users\PANKAJA\.stmcufinder\plugins\mcufinder/ => C:\Users\PANKAJA\.stmcufinder\plugins\mcufinder
2025-04-26 11:08:34,820 [INFO] DbMcusAds:125 - Set database path to: C:\Users\PANKAJA\.stmcufinder\plugins\mcufinder//mcu/
2025-04-26 11:08:34,820 [WARN] DbFile:41 - Overriding database path with different value: C:\Users\PANKAJA\.stmcufinder\plugins\mcufinder/ => C:\Users\PANKAJA\.stmcufinder\plugins\mcufinder
2025-04-26 11:08:34,820 [WARN] DbFile:41 - Overriding database path with different value: C:\Users\PANKAJA\.stmcufinder\plugins\mcufinder/ => C:\Users\PANKAJA\.stmcufinder\plugins\mcufinder
2025-04-26 11:08:34,821 [INFO] CrossReferenceDbSqlite:203 - Set database path to: C:\Users\PANKAJA\.stmcufinder\plugins\mcufinder//mcu/cs/
2025-04-26 11:08:34,866 [INFO] MainPanel:272 - HeapMemory: 268435456
2025-04-26 11:08:34,924 [INFO] DbMcusXml:78 - Set database path to: C:\ST\STM32CubeIDE_1.15.1\STM32CubeIDE\plugins\com.st.stm32cube.common.mx_6.14.0.202502271554\\db\/mcu/
2025-04-26 11:08:34,924 [INFO] ApiDb:274 - Set plugin database path to: C:\ST\STM32CubeIDE_1.15.1\STM32CubeIDE\plugins\com.st.stm32cube.common.mx_6.14.0.202502271554\\db\/plugins/boardmanager/
2025-04-26 11:08:34,924 [INFO] ApiDb:261 - Set plugin images path to: C:\ST\STM32CubeIDE_1.15.1\STM32CubeIDE\plugins\com.st.stm32cube.common.mx_6.14.0.202502271554\\db\/plugins/mcufinder/images/
2025-04-26 11:08:34,924 [WARN] DbFile:41 - Overriding database path with different value: C:\Users\PANKAJA\.stmcufinder\plugins\mcufinder/ => C:\Users\PANKAJA\.stmcufinder\plugins\mcufinder
2025-04-26 11:08:34,924 [INFO] ApiDb:250 - Set database path to: C:\Users\PANKAJA\.stmcufinder\plugins\mcufinder//mcu/
2025-04-26 11:08:34,924 [WARN] DbFile:41 - Overriding database path with different value: C:\Users\PANKAJA\.stmcufinder\plugins\mcufinder/ => C:\Users\PANKAJA\.stmcufinder\plugins\mcufinder
2025-04-26 11:08:34,924 [INFO] DbMcusAds:125 - Set database path to: C:\Users\PANKAJA\.stmcufinder\plugins\mcufinder//mcu/
2025-04-26 11:08:34,925 [WARN] DbFile:41 - Overriding database path with different value: C:\Users\PANKAJA\.stmcufinder\plugins\mcufinder/ => C:\Users\PANKAJA\.stmcufinder\plugins\mcufinder
2025-04-26 11:08:34,925 [WARN] DbFile:41 - Overriding database path with different value: C:\Users\PANKAJA\.stmcufinder\plugins\mcufinder/ => C:\Users\PANKAJA\.stmcufinder\plugins\mcufinder
2025-04-26 11:08:34,925 [INFO] CrossReferenceDbSqlite:203 - Set database path to: C:\Users\PANKAJA\.stmcufinder\plugins\mcufinder//mcu/cs/
2025-04-26 11:08:34,937 [INFO] ApplicationProperties:184 - Using Application install path: C:\ST\STM32CubeIDE_1.15.1\STM32CubeIDE\plugins\com.st.stm32cube.common.mx_6.14.0.202502271554
2025-04-26 11:08:34,938 [INFO] PluginManage:196 - Search for loadable plugins [exclusion list=, ]
2025-04-26 11:08:34,938 [INFO] PluginManage:310 - Check plugin analytics
2025-04-26 11:08:35,139 [INFO] AnalyticsPlugin:253 - Accepted Software Licenses: STM32CubeMX.6.11.1
2025-04-26 11:08:35,140 [INFO] AnalyticsPlugin:255 - Accepted CMSIS Pack Licenses: STMicroelectronics.X-CUBE-AI.9.0.0,STMicroelectronics.X-CUBE-AI.8.1.0
2025-04-26 11:08:35,140 [INFO] AnalyticsPlugin:257 - Accepted Firmware Licenses: FW.F4.1.28.0
2025-04-26 11:08:35,142 [INFO] PluginManage:359 - Loaded plugin analytics (category:tool,tabindex:-1)
2025-04-26 11:08:35,143 [INFO] PluginManage:310 - Check plugin cadmodel
2025-04-26 11:08:35,146 [INFO] CADModel:105 - Init CAD model plugin
2025-04-26 11:08:35,146 [INFO] PluginManage:359 - Loaded plugin cadmodel (category:power,tabindex:5)
2025-04-26 11:08:35,146 [INFO] PluginManage:310 - Check plugin clock
2025-04-26 11:08:35,152 [INFO] PluginManage:359 - Loaded plugin clock (category:base,tabindex:2)
2025-04-26 11:08:35,152 [INFO] PluginManage:310 - Check plugin ddr
2025-04-26 11:08:35,153 [INFO] PluginManage:359 - Loaded plugin ddr (category:tool,tabindex:6)
2025-04-26 11:08:35,154 [INFO] PluginManage:310 - Check plugin filemanager
2025-04-26 11:08:35,254 [INFO] PluginManage:359 - Loaded plugin filemanager (category:base,tabindex:10)
2025-04-26 11:08:35,254 [INFO] PluginManage:310 - Check plugin ipmanager
2025-04-26 11:08:35,259 [INFO] PluginManage:359 - Loaded plugin ipmanager (category:base,tabindex:5)
2025-04-26 11:08:35,260 [INFO] PluginManage:310 - Check plugin lpbam
2025-04-26 11:08:35,265 [INFO] PluginManage:359 - Loaded plugin lpbam (category:base,tabindex:0)
2025-04-26 11:08:35,265 [INFO] PluginManage:310 - Check plugin memorymap
2025-04-26 11:08:35,273 [INFO] PluginManage:359 - Loaded plugin memorymap (category:base,tabindex:4)
2025-04-26 11:08:35,274 [INFO] PluginManage:310 - Check plugin pinoutandconfiguration
2025-04-26 11:08:35,280 [INFO] PluginManage:359 - Loaded plugin pinoutandconfiguration (category:base,tabindex:1)
2025-04-26 11:08:35,280 [INFO] PluginManage:310 - Check plugin pinoutconfig
2025-04-26 11:08:35,342 [WARN] SupportedApi:132 - Cannot load RTOS API schema: s4s-elt-must-match.1: The content of 'definitions' must match (annotation?, (simpleType | complexType)?, (unique | key | keyref)*)). A problem was found starting at: attribute.
2025-04-26 11:08:35,427 [INFO] PluginManage:359 - Loaded plugin pinoutconfig (category:base,tabindex:0)
2025-04-26 11:08:35,428 [INFO] PluginManage:310 - Check plugin power
2025-04-26 11:08:35,433 [INFO] PluginManage:359 - Loaded plugin power (category:power,tabindex:4)
2025-04-26 11:08:35,433 [INFO] PluginManage:310 - Check plugin projectmanager
2025-04-26 11:08:35,445 [INFO] PluginManage:359 - Loaded plugin projectmanager (category:projectmanager,tabindex:4)
2025-04-26 11:08:35,445 [INFO] PluginManage:310 - Check plugin rif
2025-04-26 11:08:35,449 [INFO] PluginManage:359 - Loaded plugin rif (category:base,tabindex:3)
2025-04-26 11:08:35,449 [INFO] PluginManage:310 - Check plugin thirdparty
2025-04-26 11:08:35,555 [INFO] PluginManage:359 - Loaded plugin thirdparty (category:base,tabindex:-1)
2025-04-26 11:08:35,555 [WARN] IntegrityCheckThread:84 - waiting for thirdparty lock release [integrity check]
2025-04-26 11:08:35,555 [INFO] IntegrityCheckThread:86 - entering critical section [integrity check]
2025-04-26 11:08:35,555 [INFO] PluginManage:310 - Check plugin tools
2025-04-26 11:08:35,556 [INFO] ThirdPartyUpdaterWithRetryManager:70 - Updater plugin not ready yet. [1/15]
2025-04-26 11:08:35,558 [INFO] PluginManage:359 - Loaded plugin tools (category:base,tabindex:7)
2025-04-26 11:08:35,559 [INFO] PluginManage:310 - Check plugin tutovideos
2025-04-26 11:08:35,669 [INFO] PluginManage:359 - Loaded plugin tutovideos (category:base,tabindex:-1)
2025-04-26 11:08:35,669 [INFO] PluginManage:310 - Check plugin updater
2025-04-26 11:08:35,686 [INFO] PluginManage:359 - Loaded plugin updater (category:base,tabindex:12)
2025-04-26 11:08:35,686 [INFO] PluginManage:310 - Check plugin userauth
2025-04-26 11:08:35,689 [INFO] UserAuth:118 - Init User Auth plugin
2025-04-26 11:08:35,690 [INFO] PluginManage:359 - Loaded plugin userauth (category:base,tabindex:14)
2025-04-26 11:08:35,690 [INFO] PluginManage:283 - PluginManage : Loaded plugins [18]
2025-04-26 11:08:35,894 [INFO] PinOutPanel:1589 - setPackage(No Configuration,No Configuration)
2025-04-26 11:08:35,961 [INFO] CADModel:165 - CPN selected for project level
2025-04-26 11:08:35,961 [INFO] CADModel:114 - Register for checkConnection events
2025-04-26 11:08:35,976 [INFO] IPUIPlugin:80 - create IPUIPlugin
2025-04-26 11:08:35,977 [INFO] PluginManager:220 - loadIPPluginJar : add adc
2025-04-26 11:08:35,979 [INFO] IPUIPlugin:80 - create IPUIPlugin
2025-04-26 11:08:35,979 [INFO] PluginManager:220 - loadIPPluginJar : add aes
2025-04-26 11:08:35,981 [INFO] IPUIPlugin:80 - create IPUIPlugin
2025-04-26 11:08:35,981 [INFO] PluginManager:220 - loadIPPluginJar : add can
2025-04-26 11:08:35,982 [INFO] IPUIPlugin:80 - create IPUIPlugin
2025-04-26 11:08:35,982 [INFO] PluginManager:220 - loadIPPluginJar : add comp
2025-04-26 11:08:35,984 [INFO] IPUIPlugin:80 - create IPUIPlugin
2025-04-26 11:08:35,984 [INFO] PluginManager:220 - loadIPPluginJar : add cryp
2025-04-26 11:08:35,987 [INFO] IPUIPlugin:80 - create IPUIPlugin
2025-04-26 11:08:35,987 [INFO] PluginManager:220 - loadIPPluginJar : add ddr_ctrl_phy
2025-04-26 11:08:35,988 [INFO] IPUIPlugin:80 - create IPUIPlugin
2025-04-26 11:08:35,988 [INFO] PluginManager:220 - loadIPPluginJar : add dfsdm
2025-04-26 11:08:35,992 [INFO] IPUIPlugin:80 - create IPUIPlugin
2025-04-26 11:08:35,993 [INFO] PluginManager:220 - loadIPPluginJar : add dma
2025-04-26 11:08:35,994 [INFO] IPUIPlugin:80 - create IPUIPlugin
2025-04-26 11:08:35,995 [INFO] PluginManager:220 - loadIPPluginJar : add dma3
2025-04-26 11:08:35,996 [INFO] IPUIPlugin:80 - create IPUIPlugin
2025-04-26 11:08:35,996 [INFO] PluginManager:220 - loadIPPluginJar : add extmemmanager
2025-04-26 11:08:35,997 [INFO] IPUIPlugin:80 - create IPUIPlugin
2025-04-26 11:08:35,998 [INFO] PluginManager:220 - loadIPPluginJar : add fatfs
2025-04-26 11:08:36,001 [INFO] IPUIPlugin:80 - create IPUIPlugin
2025-04-26 11:08:36,001 [INFO] PluginManager:220 - loadIPPluginJar : add fmc
2025-04-26 11:08:36,004 [INFO] IPUIPlugin:80 - create IPUIPlugin
2025-04-26 11:08:36,005 [INFO] PluginManager:220 - loadIPPluginJar : add freertos
2025-04-26 11:08:36,005 [INFO] IPUIPlugin:80 - create IPUIPlugin
2025-04-26 11:08:36,005 [INFO] PluginManager:220 - loadIPPluginJar : add genericplugin
2025-04-26 11:08:36,007 [INFO] IPUIPlugin:80 - create IPUIPlugin
2025-04-26 11:08:36,007 [INFO] PluginManager:220 - loadIPPluginJar : add gfxmmu
2025-04-26 11:08:36,010 [INFO] IPUIPlugin:80 - create IPUIPlugin
2025-04-26 11:08:36,010 [INFO] PluginManager:220 - loadIPPluginJar : add gic
2025-04-26 11:08:36,012 [INFO] IPUIPlugin:80 - create IPUIPlugin
2025-04-26 11:08:36,012 [INFO] PluginManager:220 - loadIPPluginJar : add gpio
2025-04-26 11:08:36,013 [INFO] IPUIPlugin:80 - create IPUIPlugin
2025-04-26 11:08:36,013 [INFO] PluginManager:220 - loadIPPluginJar : add gtzc
2025-04-26 11:08:36,015 [INFO] IPUIPlugin:80 - create IPUIPlugin
2025-04-26 11:08:36,015 [INFO] PluginManager:220 - loadIPPluginJar : add hash
2025-04-26 11:08:36,016 [INFO] IPUIPlugin:80 - create IPUIPlugin
2025-04-26 11:08:36,016 [INFO] PluginManager:220 - loadIPPluginJar : add i2c
2025-04-26 11:08:36,017 [INFO] IPUIPlugin:80 - create IPUIPlugin
2025-04-26 11:08:36,018 [INFO] PluginManager:220 - loadIPPluginJar : add i2s
2025-04-26 11:08:36,019 [INFO] IPUIPlugin:80 - create IPUIPlugin
2025-04-26 11:08:36,019 [INFO] PluginManager:220 - loadIPPluginJar : add i3c
2025-04-26 11:08:36,021 [INFO] IPUIPlugin:80 - create IPUIPlugin
2025-04-26 11:08:36,021 [INFO] PluginManager:220 - loadIPPluginJar : add ipddr
2025-04-26 11:08:36,026 [INFO] IPUIPlugin:80 - create IPUIPlugin
2025-04-26 11:08:36,026 [INFO] PluginManager:220 - loadIPPluginJar : add linkedlist
2025-04-26 11:08:36,029 [INFO] IPUIPlugin:80 - create IPUIPlugin
2025-04-26 11:08:36,029 [INFO] PluginManager:220 - loadIPPluginJar : add lorawan
2025-04-26 11:08:36,030 [INFO] IPUIPlugin:80 - create IPUIPlugin
2025-04-26 11:08:36,030 [INFO] PluginManager:220 - loadIPPluginJar : add ltdc
2025-04-26 11:08:36,034 [INFO] IPUIPlugin:80 - create IPUIPlugin
2025-04-26 11:08:36,035 [INFO] PluginManager:220 - loadIPPluginJar : add mdma
2025-04-26 11:08:36,037 [INFO] IPUIPlugin:80 - create IPUIPlugin
2025-04-26 11:08:36,037 [INFO] PluginManager:220 - loadIPPluginJar : add nvic
2025-04-26 11:08:36,039 [INFO] IPUIPlugin:80 - create IPUIPlugin
2025-04-26 11:08:36,039 [INFO] PluginManager:220 - loadIPPluginJar : add opamp
2025-04-26 11:08:36,040 [INFO] IPUIPlugin:80 - create IPUIPlugin
2025-04-26 11:08:36,040 [INFO] PluginManager:220 - loadIPPluginJar : add openamp
2025-04-26 11:08:36,042 [INFO] IPUIPlugin:80 - create IPUIPlugin
2025-04-26 11:08:36,042 [INFO] PluginManager:220 - loadIPPluginJar : add pdm2pcm
2025-04-26 11:08:36,046 [INFO] IPUIPlugin:80 - create IPUIPlugin
2025-04-26 11:08:36,047 [INFO] PluginManager:220 - loadIPPluginJar : add plateformsettings
2025-04-26 11:08:36,048 [INFO] IPUIPlugin:80 - create IPUIPlugin
2025-04-26 11:08:36,049 [INFO] PluginManager:220 - loadIPPluginJar : add quadspi
2025-04-26 11:08:36,050 [INFO] IPUIPlugin:80 - create IPUIPlugin
2025-04-26 11:08:36,051 [INFO] PluginManager:220 - loadIPPluginJar : add radio
2025-04-26 11:08:36,053 [INFO] IPUIPlugin:80 - create IPUIPlugin
2025-04-26 11:08:36,053 [INFO] PluginManager:220 - loadIPPluginJar : add resmgrutility
2025-04-26 11:08:36,055 [INFO] IPUIPlugin:80 - create IPUIPlugin
2025-04-26 11:08:36,055 [INFO] PluginManager:220 - loadIPPluginJar : add sai
2025-04-26 11:08:36,057 [INFO] IPUIPlugin:80 - create IPUIPlugin
2025-04-26 11:08:36,057 [INFO] PluginManager:220 - loadIPPluginJar : add spi
2025-04-26 11:08:36,061 [INFO] IPUIPlugin:80 - create IPUIPlugin
2025-04-26 11:08:36,061 [INFO] PluginManager:220 - loadIPPluginJar : add stm32_wpan
2025-04-26 11:08:36,062 [INFO] IPUIPlugin:80 - create IPUIPlugin
2025-04-26 11:08:36,062 [INFO] PluginManager:220 - loadIPPluginJar : add tim
2025-04-26 11:08:36,065 [INFO] IPUIPlugin:80 - create IPUIPlugin
2025-04-26 11:08:36,065 [INFO] PluginManager:220 - loadIPPluginJar : add touchsensing
2025-04-26 11:08:36,067 [INFO] IPUIPlugin:80 - create IPUIPlugin
2025-04-26 11:08:36,067 [INFO] PluginManager:220 - loadIPPluginJar : add tracer_emb
2025-04-26 11:08:36,068 [INFO] IPUIPlugin:80 - create IPUIPlugin
2025-04-26 11:08:36,068 [INFO] PluginManager:220 - loadIPPluginJar : add ts
2025-04-26 11:08:36,069 [INFO] IPUIPlugin:80 - create IPUIPlugin
2025-04-26 11:08:36,069 [INFO] PluginManager:220 - loadIPPluginJar : add tsc
2025-04-26 11:08:36,071 [INFO] IPUIPlugin:80 - create IPUIPlugin
2025-04-26 11:08:36,071 [INFO] PluginManager:220 - loadIPPluginJar : add ucpd
2025-04-26 11:08:36,073 [INFO] IPUIPlugin:80 - create IPUIPlugin
2025-04-26 11:08:36,074 [INFO] PluginManager:220 - loadIPPluginJar : add usart
2025-04-26 11:08:36,077 [INFO] IPUIPlugin:80 - create IPUIPlugin
2025-04-26 11:08:36,077 [INFO] PluginManager:220 - loadIPPluginJar : add usbx
2025-04-26 11:08:36,293 [FATAL] Updater:351 - Updater called before beeing initialized
2025-04-26 11:08:36,312 [INFO] RulesReader:64 - Compatibility file has been processed (301 Rules)
2025-04-26 11:08:36,323 [INFO] RulesReader:64 - Compatibility file has been processed (301 Rules)
2025-04-26 11:08:36,334 [INFO] CADModel:165 - CPN selected for project level
2025-04-26 11:08:36,335 [INFO] CADModel:114 - Register for checkConnection events
2025-04-26 11:08:36,335 [FATAL] Updater:351 - Updater called before beeing initialized
2025-04-26 11:08:36,335 [ERROR] CADModel:125 - Updater not yet initialized, retry later 
2025-04-26 11:08:36,468 [FATAL] Updater:351 - Updater called before beeing initialized
2025-04-26 11:08:36,469 [INFO] CADModel:165 - CPN selected for project level
2025-04-26 11:08:36,469 [INFO] CADModel:114 - Register for checkConnection events
2025-04-26 11:08:36,469 [FATAL] Updater:351 - Updater called before beeing initialized
2025-04-26 11:08:36,469 [ERROR] CADModel:125 - Updater not yet initialized, retry later 
2025-04-26 11:08:36,473 [FATAL] Updater:351 - Updater called before beeing initialized
2025-04-26 11:08:36,562 [FATAL] Updater:351 - Updater called before beeing initialized
2025-04-26 11:08:36,565 [INFO] DbMcusAds:53 - JSON generation date=Thu Mar 06 20:24:22 IST 2025 (1741272862078)
2025-04-26 11:08:36,565 [FATAL] Updater:351 - Updater called before beeing initialized
2025-04-26 11:08:36,587 [WARN] DetailPanel:346 - Failed to get advertising image, set to default
2025-04-26 11:08:36,748 [FATAL] Updater:351 - Updater called before beeing initialized
2025-04-26 11:08:36,750 [FATAL] Updater:351 - Updater called before beeing initialized
2025-04-26 11:08:36,750 [FATAL] Updater:351 - Updater called before beeing initialized
2025-04-26 11:08:36,750 [WARN] DetailPanel:346 - Failed to get advertising image, set to default
2025-04-26 11:08:36,751 [FATAL] Updater:351 - Updater called before beeing initialized
2025-04-26 11:08:36,780 [ERROR] Updater:1198 - MainUpdater not yet initialized. External WinMGr cannot be set.
2025-04-26 11:08:36,783 [INFO] Updater:1134 - Updater Version found : 6.14.0
2025-04-26 11:08:36,794 [INFO] ApplicationProperties:184 - Using Application install path: C:\ST\STM32CubeIDE_1.15.1\STM32CubeIDE\plugins\com.st.stm32cube.common.mx_6.14.0.202502271554
2025-04-26 11:08:37,218 [INFO] MainUpdater:2872 - connection check result : 10
2025-04-26 11:08:37,218 [INFO] MainUpdater:289 - Updater Check For Update Now.
2025-04-26 11:08:37,218 [INFO] MicroXplorer:498 - Change Database Version : DB.6.0.140
2025-04-26 11:08:37,229 [INFO] McuFinderGlobals:63 - Set McuFinder mode to 2 (CubeIDE integrated)
2025-04-26 11:08:37,230 [INFO] UserAuth:486 - Internet connection configuration mode: 1
2025-04-26 11:08:37,277 [INFO] JxBrowserEngine:152 - Initiate JxBrowser Engine with user profile folder
2025-04-26 11:08:37,409 [INFO] CheckServerUpdateThread:120 - End of CheckServer Thread
2025-04-26 11:08:37,877 [INFO] WebApp:169 - Instantiating new browser for Auth
2025-04-26 11:08:38,379 [INFO] WebApp:463 - Apply proxy settings
2025-04-26 11:08:38,380 [INFO] WebApp:548 - Chromium requires no authentication
2025-04-26 11:08:38,386 [INFO] WebApp:491 - Direct internet connection detected
2025-04-26 11:08:38,404 [INFO] WebApp:894 - Register for checkConnection events
2025-04-26 11:08:38,405 [INFO] WebApp:463 - Apply proxy settings
2025-04-26 11:08:38,405 [INFO] WebApp:548 - Chromium requires no authentication
2025-04-26 11:08:38,405 [INFO] WebApp:491 - Direct internet connection detected
2025-04-26 11:08:38,514 [INFO] WebApp:225 - Starting web application
2025-04-26 11:08:38,514 [INFO] WebApp:593 - Web application path used C:\ST\STM32CubeIDE_1.15.1\STM32CubeIDE\plugins\com.st.stm32cube.common.mx_6.14.0.202502271554\db\plugins\mcufinder\reactClient1\index.html
2025-04-26 11:08:38,590 [INFO] UserAuth:486 - Internet connection configuration mode: 1
2025-04-26 11:08:38,746 [WARN] PackLoader:240 - Cannot read IP mode file for STMicroelectronics.FP-SNS-MOTENVWB1.1.4.0
2025-04-26 11:08:38,754 [WARN] PackLoader:240 - Cannot read IP mode file for STMicroelectronics.FP-ATR-ASTRA1.2.0.2
2025-04-26 11:08:38,758 [WARN] PackLoader:240 - Cannot read IP mode file for STMicroelectronics.FP-ATR-ASTRA1.2.0.1
2025-04-26 11:08:38,764 [WARN] PackLoader:240 - Cannot read IP mode file for STMicroelectronics.X-CUBE-SMBUS.2.1.0
2025-04-26 11:08:38,769 [WARN] PackLoader:240 - Cannot read IP mode file for STMicroelectronics.X-CUBE-WB05N.1.1.0
2025-04-26 11:08:38,774 [WARN] PackLoader:240 - Cannot read IP mode file for STMicroelectronics.X-CUBE-TOUCHGFX.4.23.2
2025-04-26 11:08:38,796 [WARN] PackLoader:240 - Cannot read IP mode file for STMicroelectronics.X-CUBE-AZRTOS-F7.1.1.0
2025-04-26 11:08:38,839 [WARN] PackLoader:240 - Cannot read IP mode file for STMicroelectronics.X-CUBE-MEMS1.11.0.0
2025-04-26 11:08:38,972 [WARN] PackLoader:240 - Cannot read IP mode file for STMicroelectronics.FP-SNS-FLIGHT1.5.0.2
2025-04-26 11:08:38,979 [WARN] PackLoader:240 - Cannot read IP mode file for STMicroelectronics.X-CUBE-DISPLAY.3.0.0
2025-04-26 11:08:38,989 [WARN] PackLoader:240 - Cannot read IP mode file for STMicroelectronics.X-CUBE-BLE1.7.0.0
2025-04-26 11:08:38,995 [WARN] PackLoader:240 - Cannot read IP mode file for STMicroelectronics.X-CUBE-NFC10.1.0.0
2025-04-26 11:08:39,007 [WARN] PackLoader:240 - Cannot read IP mode file for STMicroelectronics.X-CUBE-BLEMGR.4.0.0
2025-04-26 11:08:39,013 [WARN] PackLoader:240 - Cannot read IP mode file for emotas.I-CUBE-CANOPEN.1.3.0
2025-04-26 11:08:39,018 [WARN] PackLoader:240 - Cannot read IP mode file for STMicroelectronics.X-CUBE-BLEMGR.3.1.0
2025-04-26 11:08:39,023 [WARN] PackLoader:240 - Cannot read IP mode file for STMicroelectronics.X-CUBE-AI.10.0.0
2025-04-26 11:08:39,028 [WARN] PackLoader:240 - Cannot read IP mode file for STMicroelectronics.FP-SNS-SMARTAG2.1.2.0
2025-04-26 11:08:39,031 [WARN] PackLoader:240 - Cannot read IP mode file for STMicroelectronics.FP-SNS-FLIGHT1.5.1.0
2025-04-26 11:08:39,051 [INFO] WebApp:191 - Connection restablished
2025-04-26 11:08:39,054 [WARN] PackLoader:240 - Cannot read IP mode file for STMicroelectronics.X-CUBE-MEMS1.11.1.0
2025-04-26 11:08:39,174 [INFO] LogOutputStream:77 - [STDOUT_REDIRECT] 1 : Invalid condition id : UX_CORESTACK_Condition cause : null
2025-04-26 11:08:39,175 [INFO] LogOutputStream:77 - [STDOUT_REDIRECT] 1 : Invalid condition id : UX_CORESTACK_Condition cause : null
2025-04-26 11:08:39,176 [INFO] LogOutputStream:77 - [STDOUT_REDIRECT] 1 : Invalid condition id : UX_CORESTACK_Condition cause : null
2025-04-26 11:08:39,178 [INFO] LogOutputStream:77 - [STDOUT_REDIRECT] 1 : Invalid condition id : UX_CORESTACK_Condition cause : null
2025-04-26 11:08:39,179 [INFO] LogOutputStream:77 - [STDOUT_REDIRECT] 1 : Invalid condition id : UX_CORESTACK_Condition cause : null
2025-04-26 11:08:39,181 [WARN] PackLoader:240 - Cannot read IP mode file for STMicroelectronics.X-CUBE-AZRTOS-WL.2.0.0
2025-04-26 11:08:39,185 [WARN] PackLoader:240 - Cannot read IP mode file for STMicroelectronics.FP-SNS-MOTENV1.5.0.0
2025-04-26 11:08:39,189 [WARN] PackLoader:240 - Cannot read IP mode file for wolfSSL.I-CUBE-wolfMQTT.1.19.0
2025-04-26 11:08:39,197 [WARN] PackLoader:240 - Cannot read IP mode file for WES.I-CUBE-Cesium.1.3.0
2025-04-26 11:08:39,200 [WARN] PackLoader:240 - Cannot read IP mode file for STMicroelectronics.X-CUBE-BLE2.3.3.0
2025-04-26 11:08:39,204 [WARN] PackLoader:240 - Cannot read IP mode file for STMicroelectronics.X-CUBE-NFC9.1.0.0
2025-04-26 11:08:39,207 [WARN] PackLoader:240 - Cannot read IP mode file for STMicroelectronics.X-CUBE-BLE1.7.1.0
2025-04-26 11:08:39,212 [WARN] PackLoader:240 - Cannot read IP mode file for STMicroelectronics.X-CUBE-TCPP.4.1.0
2025-04-26 11:08:39,237 [WARN] PackLoader:240 - Cannot read IP mode file for STMicroelectronics.X-CUBE-MEMS1.11.2.0
2025-04-26 11:08:39,329 [WARN] PackLoader:240 - Cannot read IP mode file for STMicroelectronics.X-CUBE-AZRTOS-G0.1.1.0
2025-04-26 11:08:39,334 [WARN] PackLoader:240 - Cannot read IP mode file for STMicroelectronics.X-CUBE-SAFEA1.1.2.2
2025-04-26 11:08:39,338 [WARN] PackLoader:240 - Cannot read IP mode file for STMicroelectronics.X-CUBE-NFC4.3.0.0
2025-04-26 11:08:39,346 [WARN] PackLoader:240 - Cannot read IP mode file for EmbeddedOffice.I-CUBE-FS-RTOS.1.0.1
2025-04-26 11:08:39,351 [WARN] PackLoader:240 - Cannot read IP mode file for STMicroelectronics.X-CUBE-WB05N.2.0.0
2025-04-26 11:08:39,354 [WARN] PackLoader:240 - Cannot read IP mode file for STMicroelectronics.X-CUBE-TCPP.4.2.0
2025-04-26 11:08:39,359 [WARN] PackLoader:240 - Cannot read IP mode file for RealThread.X-CUBE-RT-Thread_Nano.4.1.1
2025-04-26 11:08:39,363 [WARN] PackLoader:240 - Cannot read IP mode file for wolfSSL.I-CUBE-wolfSSL.5.7.0
2025-04-26 11:08:39,367 [WARN] PackLoader:240 - Cannot read IP mode file for STMicroelectronics.FP-ATR-SIGFOX1.3.2.0
2025-04-26 11:08:39,370 [WARN] ConditionMgr:438 - getConditionDescription Invalid condition id : Cortex-A Device cause : null
2025-04-26 11:08:39,388 [WARN] ConditionMgr:1044 - genDependencies : Invalid condition id : Cortex-A Device cause : null
2025-04-26 11:08:39,389 [WARN] ConditionMgr:1044 - genDependencies : Invalid condition id : Cortex-A Device cause : null
2025-04-26 11:08:39,389 [WARN] ConditionMgr:1044 - genDependencies : Invalid condition id : Cortex-A Device cause : null
2025-04-26 11:08:39,393 [WARN] PackLoader:240 - Cannot read IP mode file for STMicroelectronics.X-CUBE-EEPRMA1.5.1.0
2025-04-26 11:08:39,399 [WARN] PackLoader:240 - Cannot read IP mode file for ITTIA_DB.I-CUBE-ITTIADB.8.9.0
2025-04-26 11:08:39,415 [WARN] PackLoader:240 - Cannot read IP mode file for SEGGER.I-CUBE-embOS.1.3.1
2025-04-26 11:08:39,440 [WARN] PackLoader:240 - Cannot read IP mode file for STMicroelectronics.X-CUBE-ALGOBUILD.1.4.0
2025-04-26 11:08:39,443 [WARN] PackLoader:240 - Cannot read IP mode file for STMicroelectronics.X-CUBE-AI.9.1.0
2025-04-26 11:08:39,446 [WARN] PackLoader:240 - Cannot read IP mode file for STMicroelectronics.X-CUBE-GNSS1.6.0.0
2025-04-26 11:08:39,455 [WARN] PackLoader:240 - Cannot read IP mode file for STMicroelectronics.X-CUBE-AZRTOS-F4.1.1.0
2025-04-26 11:08:39,460 [WARN] PackLoader:240 - Cannot read IP mode file for Avnet-IotConnect.X-CUBE-IoTC-DA16k-PMOD.1.0.0
2025-04-26 11:08:39,463 [WARN] PackLoader:240 - Cannot read IP mode file for STMicroelectronics.X-CUBE-ISPU.2.1.0
2025-04-26 11:08:39,468 [WARN] PackLoader:240 - Cannot read IP mode file for STMicroelectronics.X-CUBE-FREERTOS.1.2.0
2025-04-26 11:08:39,477 [WARN] PackLoader:240 - Cannot read IP mode file for STMicroelectronics.X-CUBE-AZRTOS-L5.2.0.0
2025-04-26 11:08:39,482 [WARN] PackLoader:240 - Cannot read IP mode file for STMicroelectronics.X-CUBE-NFC6.3.1.0
2025-04-26 11:08:39,487 [WARN] PackLoader:240 - Cannot read IP mode file for STMicroelectronics.X-CUBE-DPower.1.2.0
2025-04-26 11:08:39,491 [WARN] PackLoader:240 - Cannot read IP mode file for STMicroelectronics.X-CUBE-AI.9.0.0
2025-04-26 11:08:39,570 [WARN] PackLoader:240 - Cannot read IP mode file for STMicroelectronics.X-CUBE-FREERTOS.1.3.0
2025-04-26 11:08:39,574 [WARN] PackLoader:240 - Cannot read IP mode file for STMicroelectronics.X-CUBE-NFC7.1.0.1
2025-04-26 11:08:39,577 [WARN] PackLoader:240 - Cannot read IP mode file for wolfSSL.I-CUBE-wolfTPM.3.2.0
2025-04-26 11:08:39,581 [WARN] PackLoader:240 - Cannot read IP mode file for STMicroelectronics.X-CUBE-DPower.1.3.0
2025-04-26 11:08:39,584 [WARN] PackLoader:240 - Cannot read IP mode file for STMicroelectronics.X-CUBE-AI.8.1.0
2025-04-26 11:08:39,617 [WARN] ConditionMgr:438 - getConditionDescription Invalid condition id : LAN8742 Phy interface Condition cause : null
2025-04-26 11:08:39,617 [WARN] PackLoader:240 - Cannot read IP mode file for STMicroelectronics.X-CUBE-AZRTOS-L4.2.0.0
2025-04-26 11:08:39,618 [WARN] ConditionMgr:1044 - genDependencies : Invalid condition id : LAN8742 Phy interface Condition cause : null
2025-04-26 11:08:39,618 [WARN] ConditionMgr:1044 - genDependencies : Invalid condition id : LAN8742 Phy interface Condition cause : null
2025-04-26 11:08:39,618 [WARN] ConditionMgr:1044 - genDependencies : Invalid condition id : LAN8742 Phy interface Condition cause : null
2025-04-26 11:08:39,623 [WARN] PackLoader:240 - Cannot read IP mode file for STMicroelectronics.X-CUBE-SFXS2LP1.4.0.0
2025-04-26 11:08:39,635 [WARN] PackLoader:240 - Cannot read IP mode file for STMicroelectronics.X-CUBE-AZRTOS-H7.3.3.0
2025-04-26 11:08:39,642 [WARN] PackLoader:240 - Cannot read IP mode file for STMicroelectronics.X-CUBE-IPS.3.0.0
2025-04-26 11:08:39,651 [WARN] ConditionMgr:438 - getConditionDescription Invalid condition id : UX DEVICE CLASS RTOS Condition cause : null
2025-04-26 11:08:39,651 [WARN] ConditionMgr:438 - getConditionDescription Invalid condition id : UX DEVICE CLASS RTOS Condition cause : null
2025-04-26 11:08:39,653 [WARN] PackLoader:240 - Cannot read IP mode file for STMicroelectronics.X-CUBE-AZRTOS-WB.2.0.0
2025-04-26 11:08:39,654 [WARN] ConditionMgr:1044 - genDependencies : Invalid condition id : UX DEVICE CLASS RTOS Condition cause : null
2025-04-26 11:08:39,654 [WARN] ConditionMgr:1044 - genDependencies : Invalid condition id : UX DEVICE CLASS RTOS Condition cause : null
2025-04-26 11:08:39,654 [WARN] ConditionMgr:1044 - genDependencies : Invalid condition id : UX DEVICE CLASS RTOS Condition cause : null
2025-04-26 11:08:39,654 [WARN] ConditionMgr:1044 - genDependencies : Invalid condition id : UX DEVICE CLASS RTOS Condition cause : null
2025-04-26 11:08:39,654 [WARN] ConditionMgr:1044 - genDependencies : Invalid condition id : UX DEVICE CLASS RTOS Condition cause : null
2025-04-26 11:08:39,658 [WARN] PackLoader:240 - Cannot read IP mode file for STMicroelectronics.X-CUBE-GNSS1.7.0.0
2025-04-26 11:08:39,662 [WARN] PackLoader:240 - Cannot read IP mode file for STMicroelectronics.X-CUBE-GNSS1.7.0.1
2025-04-26 11:08:39,665 [WARN] PackLoader:240 - Cannot read IP mode file for STMicroelectronics.X-CUBE-TOUCHGFX.4.25.0
2025-04-26 11:08:39,668 [WARN] PackLoader:240 - Cannot read IP mode file for STMicroelectronics.FP-SNS-STBOX1.2.0.0
2025-04-26 11:08:39,675 [WARN] PackLoader:240 - Cannot read IP mode file for STMicroelectronics.X-CUBE-SUBG2.5.0.0
2025-04-26 11:08:39,694 [WARN] PackLoader:240 - Cannot read IP mode file for STMicroelectronics.X-CUBE-AZRTOS-H7RS.1.1.0
2025-04-26 11:08:39,704 [WARN] PackLoader:240 - Cannot read IP mode file for Cesanta.I-CUBE-Mongoose.7.13.0
2025-04-26 11:08:39,732 [WARN] PackLoader:240 - Cannot read IP mode file for STMicroelectronics.X-CUBE-AZRTOS-G4.2.0.0
2025-04-26 11:08:39,739 [WARN] PackLoader:240 - Cannot read IP mode file for STMicroelectronics.X-CUBE-ISPU.2.0.0
2025-04-26 11:08:39,748 [WARN] PackLoader:240 - Cannot read IP mode file for STMicroelectronics.X-CUBE-IPS.3.1.0
2025-04-26 11:08:39,757 [WARN] PackLoader:240 - Cannot read IP mode file for STMicroelectronics.X-CUBE-ALS.1.0.2
2025-04-26 11:08:39,776 [WARN] PackLoader:240 - Cannot read IP mode file for STMicroelectronics.X-CUBE-MEMS1.10.0.0
2025-04-26 11:08:39,832 [WARN] PackLoader:240 - Cannot read IP mode file for STMicroelectronics.X-CUBE-TOUCHGFX.4.24.0
2025-04-26 11:08:39,835 [WARN] PackLoader:240 - Cannot read IP mode file for STMicroelectronics.X-CUBE-TOUCHGFX.4.24.2
2025-04-26 11:08:39,837 [WARN] PackLoader:240 - Cannot read IP mode file for STMicroelectronics.X-CUBE-TOUCHGFX.4.24.1
2025-04-26 11:08:39,841 [WARN] PackLoader:240 - Cannot read IP mode file for portGmbH.I-Cube-SoM-uGOAL.1.1.0
2025-04-26 11:08:39,849 [WARN] PackLoader:240 - Cannot read IP mode file for STMicroelectronics.X-CUBE-AZRTOS-H7RS.1.0.0
2025-04-26 11:08:39,853 [WARN] PackLoader:240 - Cannot read IP mode file for STMicroelectronics.FP-ATR-ASTRA1.2.0.0
2025-04-26 11:08:39,861 [WARN] PackLoader:240 - Cannot read IP mode file for STMicroelectronics.X-CUBE-TOF1.3.4.2
2025-04-26 11:08:39,875 [WARN] PackLoader:240 - Cannot read IP mode file for STMicroelectronics.X-CUBE-TOF1.3.4.3
2025-04-26 11:08:39,885 [WARN] PackLoader:240 - Cannot read IP mode file for STMicroelectronics.X-CUBE-TOF1.3.4.1
2025-04-26 11:08:39,899 [WARN] PackLoader:240 - Cannot read IP mode file for STMicroelectronics.X-CUBE-AZRTOS-H7.3.2.0
2025-04-26 11:08:39,908 [WARN] PackLoader:240 - Cannot read IP mode file for Infineon.AIROC-Wi-Fi-Bluetooth-STM32.1.6.0
2025-04-26 11:08:39,912 [WARN] PackLoader:240 - Cannot read IP mode file for wolfSSL.I-CUBE-wolfSSH.1.4.17
2025-04-26 11:08:39,913 [INFO] ThirdParty:978 - Integrity check success = true
2025-04-26 11:08:39,913 [INFO] IntegrityCheckThread:100 - exiting critical section [integrity check]
2025-04-26 11:08:39,913 [INFO] IntegrityCheckThread:103 - End integrity checks thread
2025-04-26 11:08:58,501 [ERROR] LogOutputStream:75 - [STDERR_REDIRECT] 
